TN:
SF:src/app/layout.tsx
FN:15,(anonymous_8)
FN:15,(anonymous_9)
FN:15,(anonymous_10)
FN:89,RootLayout
FNF:4
FNH:0
FNDA:0,(anonymous_8)
FNDA:0,(anonymous_9)
FNDA:0,(anonymous_10)
FNDA:0,RootLayout
DA:1,0
DA:4,0
DA:5,0
DA:6,0
DA:7,0
DA:8,0
DA:9,0
DA:10,0
DA:11,0
DA:12,0
DA:15,0
DA:20,0
DA:27,0
DA:89,0
LF:14
LH:0
BRDA:53,0,0,0
BRDA:53,0,1,0
BRF:2
BRH:0
end_of_record
TN:
SF:src/app/page.tsx
FN:43,HomePage
FN:47,(anonymous_3)
FN:92,(anonymous_4)
FN:104,(anonymous_5)
FNF:4
FNH:0
FNDA:0,HomePage
FNDA:0,(anonymous_3)
FNDA:0,(anonymous_4)
FNDA:0,(anonymous_5)
DA:3,0
DA:4,0
DA:5,0
DA:6,0
DA:7,0
DA:9,0
DA:28,0
DA:43,0
DA:44,0
DA:45,0
DA:47,0
DA:48,0
DA:49,0
DA:53,0
DA:93,0
DA:105,0
LF:16
LH:0
BRDA:48,0,0,0
BRDA:48,1,0,0
BRDA:48,1,1,0
BRDA:53,2,0,0
BRDA:53,3,0,0
BRDA:53,3,1,0
BRF:6
BRH:0
end_of_record
TN:
SF:src/app/account/page.tsx
FN:22,AccountPage
FN:41,(anonymous_3)
FN:42,(anonymous_4)
FN:48,bootstrap
FN:55,(anonymous_6)
FN:59,(anonymous_7)
FN:84,(anonymous_8)
FN:89,(anonymous_9)
FN:98,(anonymous_10)
FN:106,(anonymous_11)
FN:113,(anonymous_12)
FN:115,(anonymous_13)
FN:116,(anonymous_14)
FN:127,(anonymous_15)
FN:128,(anonymous_16)
FN:131,(anonymous_17)
FN:132,(anonymous_18)
FN:135,(anonymous_19)
FN:140,(anonymous_20)
FN:158,(anonymous_21)
FN:195,(anonymous_22)
FN:215,(anonymous_23)
FN:225,(anonymous_24)
FN:230,(anonymous_25)
FN:240,(anonymous_26)
FN:244,(anonymous_27)
FNF:26
FNH:0
FNDA:0,AccountPage
FNDA:0,(anonymous_3)
FNDA:0,(anonymous_4)
FNDA:0,bootstrap
FNDA:0,(anonymous_6)
FNDA:0,(anonymous_7)
FNDA:0,(anonymous_8)
FNDA:0,(anonymous_9)
FNDA:0,(anonymous_10)
FNDA:0,(anonymous_11)
FNDA:0,(anonymous_12)
FNDA:0,(anonymous_13)
FNDA:0,(anonymous_14)
FNDA:0,(anonymous_15)
FNDA:0,(anonymous_16)
FNDA:0,(anonymous_17)
FNDA:0,(anonymous_18)
FNDA:0,(anonymous_19)
FNDA:0,(anonymous_20)
FNDA:0,(anonymous_21)
FNDA:0,(anonymous_22)
FNDA:0,(anonymous_23)
FNDA:0,(anonymous_24)
FNDA:0,(anonymous_25)
FNDA:0,(anonymous_26)
FNDA:0,(anonymous_27)
DA:3,0
DA:4,0
DA:5,0
DA:6,0
DA:7,0
DA:8,0
DA:10,0
DA:12,0
DA:13,0
DA:22,0
DA:23,0
DA:24,0
DA:25,0
DA:26,0
DA:27,0
DA:28,0
DA:29,0
DA:35,0
DA:36,0
DA:37,0
DA:38,0
DA:39,0
DA:41,0
DA:42,0
DA:43,0
DA:44,0
DA:45,0
DA:49,0
DA:50,0
DA:51,0
DA:54,0
DA:56,0
DA:57,0
DA:60,0
DA:62,0
DA:66,0
DA:67,0
DA:71,0
DA:73,0
DA:74,0
DA:76,0
DA:78,0
DA:81,0
DA:84,0
DA:85,0
DA:86,0
DA:88,0
DA:89,0
DA:97,0
DA:98,0
DA:105,0
DA:106,0
DA:113,0
DA:115,0
DA:116,0
DA:117,0
DA:118,0
DA:119,0
DA:121,0
DA:123,0
DA:127,0
DA:128,0
DA:131,0
DA:132,0
DA:135,0
DA:136,0
DA:137,0
DA:140,0
DA:141,0
DA:142,0
DA:143,0
DA:144,0
DA:145,0
DA:146,0
DA:147,0
DA:152,0
DA:154,0
DA:158,0
DA:159,0
DA:160,0
DA:161,0
DA:162,0
DA:164,0
DA:165,0
DA:166,0
DA:178,0
DA:179,0
DA:181,0
DA:184,0
DA:185,0
DA:186,0
DA:195,0
DA:196,0
DA:200,0
DA:204,0
DA:205,0
DA:206,0
DA:207,0
DA:209,0
DA:211,0
DA:215,0
DA:216,0
DA:217,0
DA:218,0
DA:219,0
DA:221,0
DA:225,0
DA:226,0
DA:227,0
DA:230,0
DA:231,0
DA:232,0
DA:233,0
DA:234,0
DA:236,0
DA:240,0
DA:241,0
DA:244,0
DA:245,0
DA:248,0
DA:256,0
LF:121
LH:0
BRDA:43,0,0,0
BRDA:44,1,0,0
BRDA:44,2,0,0
BRDA:44,2,1,0
BRDA:57,3,0,0
BRDA:57,3,1,0
BRDA:69,4,0,0
BRDA:69,4,1,0
BRDA:74,5,0,0
BRDA:74,5,1,0
BRDA:84,6,0,0
BRDA:84,6,1,0
BRDA:113,7,0,0
BRDA:113,7,1,0
BRDA:117,8,0,0
BRDA:117,8,1,0
BRDA:118,9,0,0
BRDA:118,9,1,0
BRDA:144,10,0,0
BRDA:144,10,1,0
BRDA:149,11,0,0
BRDA:149,11,1,0
BRDA:152,12,0,0
BRDA:152,12,1,0
BRDA:160,13,0,0
BRDA:160,14,0,0
BRDA:160,14,1,0
BRDA:160,14,2,0
BRDA:169,15,0,0
BRDA:169,15,1,0
BRDA:170,16,0,0
BRDA:170,16,1,0
BRDA:174,17,0,0
BRDA:174,17,1,0
BRDA:174,18,0,0
BRDA:174,18,1,0
BRDA:175,19,0,0
BRDA:175,19,1,0
BRDA:178,20,0,0
BRDA:178,20,1,0
BRDA:184,21,0,0
BRDA:184,22,0,0
BRDA:184,22,1,0
BRDA:184,22,2,0
BRDA:184,22,3,0
BRDA:188,23,0,0
BRDA:188,23,1,0
BRDA:188,24,0,0
BRDA:188,24,1,0
BRDA:189,25,0,0
BRDA:189,25,1,0
BRDA:205,26,0,0
BRDA:205,26,1,0
BRDA:209,27,0,0
BRDA:209,27,1,0
BRDA:219,28,0,0
BRDA:219,28,1,0
BRDA:221,29,0,0
BRDA:221,29,1,0
BRDA:234,30,0,0
BRDA:234,30,1,0
BRDA:236,31,0,0
BRDA:236,31,1,0
BRDA:248,32,0,0
BRDA:256,33,0,0
BRDA:256,34,0,0
BRDA:256,34,1,0
BRDA:278,35,0,0
BRDA:278,35,1,0
BRDA:279,36,0,0
BRDA:279,36,1,0
BRDA:292,37,0,0
BRDA:292,37,1,0
BRDA:293,38,0,0
BRDA:293,38,1,0
BRDA:355,39,0,0
BRDA:355,39,1,0
BRDA:356,40,0,0
BRDA:356,40,1,0
BRDA:369,41,0,0
BRDA:369,41,1,0
BRDA:370,42,0,0
BRDA:370,42,1,0
BRDA:435,43,0,0
BRDA:450,44,0,0
BRDA:450,44,1,0
BRDA:451,45,0,0
BRDA:451,45,1,0
BRDA:452,46,0,0
BRDA:452,46,1,0
BRF:90
BRH:0
end_of_record
TN:
SF:src/app/account/compatibility/page.tsx
FN:37,CompatibilityPage
FN:48,(anonymous_3)
FN:56,(anonymous_4)
FN:70,(anonymous_5)
FN:77,(anonymous_6)
FN:120,(anonymous_7)
FN:196,(anonymous_8)
FN:201,(anonymous_9)
FN:216,(anonymous_10)
FN:221,(anonymous_11)
FN:321,(anonymous_12)
FNF:11
FNH:0
FNDA:0,CompatibilityPage
FNDA:0,(anonymous_3)
FNDA:0,(anonymous_4)
FNDA:0,(anonymous_5)
FNDA:0,(anonymous_6)
FNDA:0,(anonymous_7)
FNDA:0,(anonymous_8)
FNDA:0,(anonymous_9)
FNDA:0,(anonymous_10)
FNDA:0,(anonymous_11)
FNDA:0,(anonymous_12)
DA:3,0
DA:4,0
DA:5,0
DA:6,0
DA:7,0
DA:8,0
DA:37,0
DA:38,0
DA:39,0
DA:40,0
DA:41,0
DA:42,0
DA:43,0
DA:44,0
DA:45,0
DA:46,0
DA:48,0
DA:49,0
DA:50,0
DA:51,0
DA:52,0
DA:53,0
DA:56,0
DA:57,0
DA:58,0
DA:59,0
DA:60,0
DA:61,0
DA:62,0
DA:63,0
DA:66,0
DA:67,0
DA:69,0
DA:70,0
DA:74,0
DA:77,0
DA:78,0
DA:79,0
DA:80,0
DA:83,0
DA:84,0
DA:85,0
DA:88,0
DA:89,0
DA:91,0
DA:92,0
DA:96,0
DA:98,0
DA:99,0
DA:100,0
DA:102,0
DA:106,0
DA:114,0
DA:120,0
DA:126,0
DA:196,0
DA:202,0
DA:216,0
DA:222,0
DA:322,0
LF:60
LH:0
BRDA:49,0,0,0
BRDA:49,0,1,0
BRDA:50,1,0,0
BRDA:59,2,0,0
BRDA:59,2,1,0
BRDA:61,3,0,0
BRDA:67,4,0,0
BRDA:67,4,1,0
BRDA:78,5,0,0
BRDA:78,6,0,0
BRDA:78,6,1,0
BRDA:83,7,0,0
BRDA:99,8,0,0
BRDA:99,8,1,0
BRDA:106,9,0,0
BRDA:114,10,0,0
BRDA:114,11,0,0
BRDA:114,11,1,0
BRDA:126,12,0,0
BRDA:155,13,0,0
BRDA:155,13,1,0
BRDA:156,14,0,0
BRDA:156,14,1,0
BRDA:166,15,0,0
BRDA:166,15,1,0
BRDA:167,16,0,0
BRDA:167,16,1,0
BRDA:182,17,0,0
BRDA:182,17,1,0
BRDA:183,18,0,0
BRDA:183,18,1,0
BRDA:195,19,0,0
BRDA:195,19,1,0
BRDA:203,20,0,0
BRDA:203,20,1,0
BRDA:215,21,0,0
BRDA:215,21,1,0
BRDA:223,22,0,0
BRDA:223,22,1,0
BRDA:232,23,0,0
BRDA:232,23,1,0
BRDA:232,23,2,0
BRDA:232,23,3,0
BRDA:236,24,0,0
BRDA:236,24,1,0
BRDA:243,25,0,0
BRDA:249,26,0,0
BRDA:249,26,1,0
BRDA:250,27,0,0
BRDA:250,27,1,0
BRDA:271,28,0,0
BRDA:277,29,0,0
BRDA:288,30,0,0
BRDA:299,31,0,0
BRDA:315,32,0,0
BRDA:315,32,1,0
BRDA:336,33,0,0
BRDA:336,33,1,0
BRDA:336,34,0,0
BRDA:336,34,1,0
BRF:60
BRH:0
end_of_record
TN:
SF:src/app/account/profiles/page.tsx
FN:44,relationModeForProfile
FN:64,relationHint
FN:71,relationLabel
FN:78,ProfilesPage
FN:90,(anonymous_6)
FN:103,(anonymous_7)
FN:115,(anonymous_8)
FN:115,(anonymous_9)
FN:118,(anonymous_10)
FN:120,(anonymous_11)
FN:129,(anonymous_12)
FN:129,(anonymous_13)
FN:133,(anonymous_14)
FN:144,(anonymous_15)
FN:145,(anonymous_16)
FN:165,(anonymous_17)
FN:289,(anonymous_18)
FN:359,(anonymous_19)
FN:398,(anonymous_20)
FN:444,(anonymous_21)
FN:444,(anonymous_22)
FN:453,(anonymous_23)
FN:454,(anonymous_24)
FN:473,(anonymous_25)
FN:473,(anonymous_26)
FN:482,(anonymous_27)
FN:482,(anonymous_28)
FN:491,(anonymous_29)
FN:491,(anonymous_30)
FN:501,(anonymous_31)
FN:501,(anonymous_32)
FN:511,(anonymous_33)
FN:511,(anonymous_34)
FNF:33
FNH:0
FNDA:0,relationModeForProfile
FNDA:0,relationHint
FNDA:0,relationLabel
FNDA:0,ProfilesPage
FNDA:0,(anonymous_6)
FNDA:0,(anonymous_7)
FNDA:0,(anonymous_8)
FNDA:0,(anonymous_9)
FNDA:0,(anonymous_10)
FNDA:0,(anonymous_11)
FNDA:0,(anonymous_12)
FNDA:0,(anonymous_13)
FNDA:0,(anonymous_14)
FNDA:0,(anonymous_15)
FNDA:0,(anonymous_16)
FNDA:0,(anonymous_17)
FNDA:0,(anonymous_18)
FNDA:0,(anonymous_19)
FNDA:0,(anonymous_20)
FNDA:0,(anonymous_21)
FNDA:0,(anonymous_22)
FNDA:0,(anonymous_23)
FNDA:0,(anonymous_24)
FNDA:0,(anonymous_25)
FNDA:0,(anonymous_26)
FNDA:0,(anonymous_27)
FNDA:0,(anonymous_28)
FNDA:0,(anonymous_29)
FNDA:0,(anonymous_30)
FNDA:0,(anonymous_31)
FNDA:0,(anonymous_32)
FNDA:0,(anonymous_33)
FNDA:0,(anonymous_34)
DA:3,0
DA:4,0
DA:5,0
DA:6,0
DA:7,0
DA:8,0
DA:10,0
DA:15,0
DA:34,0
DA:45,0
DA:46,0
DA:47,0
DA:48,0
DA:49,0
DA:51,0
DA:59,0
DA:61,0
DA:65,0
DA:66,0
DA:67,0
DA:68,0
DA:72,0
DA:73,0
DA:74,0
DA:75,0
DA:78,0
DA:79,0
DA:80,0
DA:81,0
DA:83,0
DA:84,0
DA:85,0
DA:86,0
DA:87,0
DA:88,0
DA:90,0
DA:91,0
DA:92,0
DA:93,0
DA:94,0
DA:96,0
DA:97,0
DA:99,0
DA:103,0
DA:104,0
DA:105,0
DA:106,0
DA:109,0
DA:110,0
DA:114,0
DA:115,0
DA:118,0
DA:119,0
DA:121,0
DA:128,0
DA:129,0
DA:133,0
DA:134,0
DA:135,0
DA:136,0
DA:137,0
DA:139,0
DA:140,0
DA:144,0
DA:145,0
DA:146,0
DA:148,0
DA:149,0
DA:152,0
DA:153,0
DA:154,0
DA:155,0
DA:156,0
DA:158,0
DA:159,0
DA:161,0
DA:165,0
DA:166,0
DA:168,0
DA:169,0
DA:170,0
DA:173,0
DA:174,0
DA:175,0
DA:178,0
DA:179,0
DA:180,0
DA:189,0
DA:190,0
DA:191,0
DA:193,0
DA:194,0
DA:196,0
DA:200,0
DA:290,0
DA:359,0
DA:398,0
DA:444,0
DA:454,0
DA:473,0
DA:482,0
DA:491,0
DA:501,0
DA:511,0
LF:104
LH:0
BRDA:45,0,0,0
BRDA:46,1,0,0
BRDA:48,2,0,0
BRDA:48,3,0,0
BRDA:48,3,1,0
BRDA:48,3,2,0
BRDA:48,3,3,0
BRDA:51,4,0,0
BRDA:52,5,0,0
BRDA:52,5,1,0
BRDA:52,5,2,0
BRDA:52,5,3,0
BRDA:52,5,4,0
BRDA:52,5,5,0
BRDA:65,6,0,0
BRDA:65,7,0,0
BRDA:65,7,1,0
BRDA:66,8,0,0
BRDA:67,9,0,0
BRDA:72,10,0,0
BRDA:72,11,0,0
BRDA:72,11,1,0
BRDA:73,12,0,0
BRDA:74,13,0,0
BRDA:93,14,0,0
BRDA:93,14,1,0
BRDA:94,15,0,0
BRDA:94,15,1,0
BRDA:104,16,0,0
BRDA:104,17,0,0
BRDA:104,17,1,0
BRDA:109,18,0,0
BRDA:115,19,0,0
BRDA:115,19,1,0
BRDA:115,19,2,0
BRDA:123,20,0,0
BRDA:123,20,1,0
BRDA:146,21,0,0
BRDA:148,22,0,0
BRDA:168,23,0,0
BRDA:173,24,0,0
BRDA:173,25,0,0
BRDA:173,25,1,0
BRDA:173,25,2,0
BRDA:183,26,0,0
BRDA:183,26,1,0
BRDA:183,27,0,0
BRDA:183,27,1,0
BRDA:186,28,0,0
BRDA:186,28,1,0
BRDA:187,29,0,0
BRDA:187,29,1,0
BRDA:194,30,0,0
BRDA:194,30,1,0
BRDA:200,31,0,0
BRDA:200,32,0,0
BRDA:200,32,1,0
BRDA:234,33,0,0
BRDA:234,33,1,0
BRDA:238,34,0,0
BRDA:238,34,1,0
BRDA:246,35,0,0
BRDA:246,35,1,0
BRDA:250,36,0,0
BRDA:250,36,1,0
BRDA:254,37,0,0
BRDA:254,37,1,0
BRDA:270,38,0,0
BRDA:270,38,1,0
BRDA:272,39,0,0
BRDA:272,39,1,0
BRDA:276,40,0,0
BRDA:276,40,1,0
BRDA:282,41,0,0
BRDA:296,42,0,0
BRDA:296,42,1,0
BRDA:305,43,0,0
BRDA:305,43,1,0
BRDA:317,44,0,0
BRDA:317,44,1,0
BRDA:322,45,0,0
BRDA:322,45,1,0
BRDA:331,46,0,0
BRDA:331,46,1,0
BRDA:338,47,0,0
BRDA:338,47,1,0
BRDA:338,48,0,0
BRDA:338,48,1,0
BRDA:357,49,0,0
BRDA:357,49,1,0
BRDA:368,50,0,0
BRDA:368,50,1,0
BRDA:370,51,0,0
BRDA:370,51,1,0
BRDA:375,52,0,0
BRDA:375,52,1,0
BRDA:376,53,0,0
BRDA:376,53,1,0
BRDA:381,54,0,0
BRDA:381,54,1,0
BRDA:383,55,0,0
BRDA:383,55,1,0
BRDA:403,56,0,0
BRDA:403,56,1,0
BRDA:427,57,0,0
BRDA:452,58,0,0
BRDA:452,58,1,0
BRDA:491,59,0,0
BRDA:491,59,1,0
BRDA:495,60,0,0
BRDA:495,60,1,0
BRDA:506,61,0,0
BRDA:506,61,1,0
BRDA:517,62,0,0
BRDA:517,62,1,0
BRF:115
BRH:0
end_of_record
TN:
SF:src/app/account/reports/page.tsx
FN:12,AccountReportsPage
FN:19,(anonymous_3)
FN:27,(anonymous_4)
FN:36,(anonymous_5)
FN:43,(anonymous_6)
FN:58,(anonymous_7)
FN:73,(anonymous_8)
FN:206,(anonymous_9)
FN:213,(anonymous_10)
FN:217,(anonymous_11)
FN:220,(anonymous_12)
FN:224,(anonymous_13)
FN:227,(anonymous_14)
FN:231,(anonymous_15)
FN:237,(anonymous_16)
FN:242,(anonymous_17)
FNF:16
FNH:0
FNDA:0,AccountReportsPage
FNDA:0,(anonymous_3)
FNDA:0,(anonymous_4)
FNDA:0,(anonymous_5)
FNDA:0,(anonymous_6)
FNDA:0,(anonymous_7)
FNDA:0,(anonymous_8)
FNDA:0,(anonymous_9)
FNDA:0,(anonymous_10)
FNDA:0,(anonymous_11)
FNDA:0,(anonymous_12)
FNDA:0,(anonymous_13)
FNDA:0,(anonymous_14)
FNDA:0,(anonymous_15)
FNDA:0,(anonymous_16)
FNDA:0,(anonymous_17)
DA:3,0
DA:4,0
DA:5,0
DA:6,0
DA:7,0
DA:8,0
DA:9,0
DA:12,0
DA:13,0
DA:14,0
DA:15,0
DA:16,0
DA:17,0
DA:19,0
DA:20,0
DA:21,0
DA:22,0
DA:23,0
DA:24,0
DA:27,0
DA:28,0
DA:29,0
DA:30,0
DA:32,0
DA:33,0
DA:35,0
DA:36,0
DA:40,0
DA:43,0
DA:44,0
DA:45,0
DA:46,0
DA:48,0
DA:50,0
DA:52,0
DA:54,0
DA:58,0
DA:59,0
DA:60,0
DA:61,0
DA:63,0
DA:65,0
DA:67,0
DA:69,0
DA:73,0
DA:74,0
DA:75,0
DA:76,0
DA:78,0
DA:80,0
DA:82,0
DA:84,0
DA:88,0
DA:99,0
DA:206,0
DA:213,0
DA:217,0
DA:220,0
DA:224,0
DA:227,0
DA:231,0
DA:238,0
DA:239,0
DA:240,0
DA:243,0
LF:65
LH:0
BRDA:20,0,0,0
BRDA:20,0,1,0
BRDA:21,1,0,0
BRDA:33,2,0,0
BRDA:33,2,1,0
BRDA:44,3,0,0
BRDA:46,4,0,0
BRDA:46,4,1,0
BRDA:48,5,0,0
BRDA:48,5,1,0
BRDA:48,5,2,0
BRDA:59,6,0,0
BRDA:61,7,0,0
BRDA:61,7,1,0
BRDA:63,8,0,0
BRDA:63,8,1,0
BRDA:63,8,2,0
BRDA:74,9,0,0
BRDA:78,10,0,0
BRDA:78,10,1,0
BRDA:78,10,2,0
BRDA:88,11,0,0
BRDA:99,12,0,0
BRDA:148,13,0,0
BRDA:148,13,1,0
BRDA:149,14,0,0
BRDA:149,14,1,0
BRDA:160,15,0,0
BRDA:160,15,1,0
BRDA:161,16,0,0
BRDA:161,16,1,0
BRDA:170,17,0,0
BRDA:170,17,1,0
BRDA:171,18,0,0
BRDA:171,18,1,0
BRDA:185,19,0,0
BRDA:184,20,0,0
BRDA:184,20,1,0
BRDA:192,21,0,0
BRDA:192,21,1,0
BRDA:193,22,0,0
BRDA:193,22,1,0
BRDA:200,23,0,0
BRDA:200,23,1,0
BRDA:207,24,0,0
BRDA:207,24,1,0
BRDA:208,25,0,0
BRDA:208,25,1,0
BRDA:214,26,0,0
BRDA:214,26,1,0
BRDA:215,27,0,0
BRDA:215,27,1,0
BRDA:221,28,0,0
BRDA:221,28,1,0
BRDA:222,29,0,0
BRDA:222,29,1,0
BRDA:228,30,0,0
BRDA:228,30,1,0
BRDA:229,31,0,0
BRDA:229,31,1,0
BRDA:238,32,0,0
BRDA:239,33,0,0
BRDA:271,34,0,0
BRDA:271,34,1,0
BRDA:285,35,0,0
BRDA:296,36,0,0
BRDA:326,37,0,0
BRDA:326,37,1,0
BRDA:327,38,0,0
BRDA:327,38,1,0
BRF:70
BRH:0
end_of_record
TN:
SF:src/app/account/settings/page.tsx
FN:11,AccountSettingsPage
FN:25,(anonymous_3)
FN:26,(anonymous_4)
FN:39,(anonymous_5)
FN:46,(anonymous_6)
FN:65,(anonymous_7)
FN:169,(anonymous_8)
FN:178,(anonymous_9)
FN:186,(anonymous_10)
FN:191,(anonymous_11)
FN:195,(anonymous_12)
FN:196,(anonymous_13)
FN:205,(anonymous_14)
FN:206,(anonymous_15)
FN:240,(anonymous_16)
FN:240,(anonymous_17)
FN:249,(anonymous_18)
FN:249,(anonymous_19)
FN:258,(anonymous_20)
FN:258,(anonymous_21)
FNF:20
FNH:0
FNDA:0,AccountSettingsPage
FNDA:0,(anonymous_3)
FNDA:0,(anonymous_4)
FNDA:0,(anonymous_5)
FNDA:0,(anonymous_6)
FNDA:0,(anonymous_7)
FNDA:0,(anonymous_8)
FNDA:0,(anonymous_9)
FNDA:0,(anonymous_10)
FNDA:0,(anonymous_11)
FNDA:0,(anonymous_12)
FNDA:0,(anonymous_13)
FNDA:0,(anonymous_14)
FNDA:0,(anonymous_15)
FNDA:0,(anonymous_16)
FNDA:0,(anonymous_17)
FNDA:0,(anonymous_18)
FNDA:0,(anonymous_19)
FNDA:0,(anonymous_20)
FNDA:0,(anonymous_21)
DA:3,0
DA:4,0
DA:5,0
DA:6,0
DA:7,0
DA:8,0
DA:11,0
DA:12,0
DA:13,0
DA:14,0
DA:15,0
DA:16,0
DA:17,0
DA:18,0
DA:19,0
DA:25,0
DA:26,0
DA:27,0
DA:28,0
DA:29,0
DA:30,0
DA:35,0
DA:36,0
DA:38,0
DA:39,0
DA:43,0
DA:46,0
DA:47,0
DA:48,0
DA:49,0
DA:50,0
DA:51,0
DA:52,0
DA:53,0
DA:57,0
DA:59,0
DA:61,0
DA:65,0
DA:66,0
DA:67,0
DA:68,0
DA:69,0
DA:71,0
DA:72,0
DA:73,0
DA:75,0
DA:76,0
DA:77,0
DA:80,0
DA:81,0
DA:82,0
DA:86,0
DA:91,0
DA:93,0
DA:95,0
DA:99,0
DA:105,0
DA:110,0
DA:169,0
DA:178,0
DA:186,0
DA:191,0
DA:195,0
DA:197,0
DA:205,0
DA:207,0
DA:240,0
DA:249,0
DA:258,0
LF:69
LH:0
BRDA:32,0,0,0
BRDA:32,0,1,0
BRDA:50,1,0,0
BRDA:50,1,1,0
BRDA:55,2,0,0
BRDA:55,2,1,0
BRDA:59,3,0,0
BRDA:59,3,1,0
BRDA:67,4,0,0
BRDA:67,5,0,0
BRDA:67,5,1,0
BRDA:67,5,2,0
BRDA:71,6,0,0
BRDA:75,7,0,0
BRDA:91,8,0,0
BRDA:91,8,1,0
BRDA:93,9,0,0
BRDA:93,9,1,0
BRDA:110,10,0,0
BRDA:130,11,0,0
BRDA:130,11,1,0
BRDA:131,12,0,0
BRDA:131,12,1,0
BRDA:141,13,0,0
BRDA:141,13,1,0
BRDA:142,14,0,0
BRDA:142,14,1,0
BRDA:157,15,0,0
BRDA:157,15,1,0
BRDA:158,16,0,0
BRDA:158,16,1,0
BRDA:168,17,0,0
BRDA:168,17,1,0
BRDA:177,18,0,0
BRDA:177,18,1,0
BRDA:185,19,0,0
BRDA:185,19,1,0
BRDA:191,20,0,0
BRDA:191,20,1,0
BRDA:195,21,0,0
BRDA:195,21,1,0
BRDA:205,22,0,0
BRDA:205,22,1,0
BRDA:214,23,0,0
BRDA:214,23,1,0
BRDA:227,24,0,0
BRDA:227,24,1,0
BRDA:228,25,0,0
BRDA:228,25,1,0
BRDA:266,26,0,0
BRDA:266,26,1,0
BRDA:274,27,0,0
BRDA:274,27,1,0
BRDA:275,28,0,0
BRDA:275,28,1,0
BRF:55
BRH:0
end_of_record
TN:
SF:src/app/account/subscription/page.tsx
FN:3,AccountSubscriptionAliasPage
FNF:1
FNH:0
FNDA:0,AccountSubscriptionAliasPage
DA:1,0
DA:3,0
DA:4,0
LF:3
LH:0
BRF:0
BRH:0
end_of_record
TN:
SF:src/app/account/subscriptions/page.tsx
FN:14,AccountSubscriptionsContent
FN:26,(anonymous_3)
FN:34,(anonymous_4)
FN:37,(anonymous_5)
FN:38,(anonymous_6)
FN:39,(anonymous_7)
FN:49,(anonymous_8)
FN:57,(anonymous_9)
FN:72,(anonymous_10)
FN:89,(anonymous_11)
FN:218,(anonymous_12)
FN:241,(anonymous_13)
FN:270,(anonymous_14)
FN:326,(anonymous_15)
FN:342,(anonymous_16)
FN:361,(anonymous_17)
FN:364,(anonymous_18)
FN:372,(anonymous_19)
FN:422,(anonymous_20)
FN:460,AccountSubscriptionsPage
FNF:20
FNH:0
FNDA:0,AccountSubscriptionsContent
FNDA:0,(anonymous_3)
FNDA:0,(anonymous_4)
FNDA:0,(anonymous_5)
FNDA:0,(anonymous_6)
FNDA:0,(anonymous_7)
FNDA:0,(anonymous_8)
FNDA:0,(anonymous_9)
FNDA:0,(anonymous_10)
FNDA:0,(anonymous_11)
FNDA:0,(anonymous_12)
FNDA:0,(anonymous_13)
FNDA:0,(anonymous_14)
FNDA:0,(anonymous_15)
FNDA:0,(anonymous_16)
FNDA:0,(anonymous_17)
FNDA:0,(anonymous_18)
FNDA:0,(anonymous_19)
FNDA:0,(anonymous_20)
FNDA:0,AccountSubscriptionsPage
DA:3,0
DA:4,0
DA:5,0
DA:6,0
DA:7,0
DA:8,0
DA:9,0
DA:10,0
DA:11,0
DA:15,0
DA:16,0
DA:17,0
DA:18,0
DA:19,0
DA:20,0
DA:21,0
DA:22,0
DA:23,0
DA:24,0
DA:26,0
DA:27,0
DA:28,0
DA:29,0
DA:30,0
DA:31,0
DA:34,0
DA:35,0
DA:36,0
DA:37,0
DA:38,0
DA:39,0
DA:41,0
DA:42,0
DA:43,0
DA:45,0
DA:46,0
DA:48,0
DA:49,0
DA:53,0
DA:57,0
DA:58,0
DA:59,0
DA:61,0
DA:62,0
DA:64,0
DA:67,0
DA:68,0
DA:72,0
DA:73,0
DA:74,0
DA:77,0
DA:78,0
DA:79,0
DA:81,0
DA:82,0
DA:84,0
DA:85,0
DA:89,0
DA:90,0
DA:91,0
DA:92,0
DA:96,0
DA:97,0
DA:99,0
DA:102,0
DA:103,0
DA:104,0
DA:108,0
DA:119,0
DA:219,0
DA:242,0
DA:270,0
DA:327,0
DA:343,0
DA:362,0
DA:365,0
DA:366,0
DA:367,0
DA:372,0
DA:423,0
DA:460,0
LF:81
LH:0
BRDA:27,0,0,0
BRDA:27,0,1,0
BRDA:28,1,0,0
BRDA:61,2,0,0
BRDA:61,2,1,0
BRDA:67,3,0,0
BRDA:73,4,0,0
BRDA:84,5,0,0
BRDA:84,5,1,0
BRDA:94,6,0,0
BRDA:94,6,1,0
BRDA:96,7,0,0
BRDA:96,7,1,0
BRDA:102,8,0,0
BRDA:102,8,1,0
BRDA:108,9,0,0
BRDA:119,10,0,0
BRDA:175,11,0,0
BRDA:175,11,1,0
BRDA:176,12,0,0
BRDA:176,12,1,0
BRDA:187,13,0,0
BRDA:187,13,1,0
BRDA:188,14,0,0
BRDA:188,14,1,0
BRDA:200,15,0,0
BRDA:199,16,0,0
BRDA:199,16,1,0
BRDA:207,17,0,0
BRDA:207,17,1,0
BRDA:208,18,0,0
BRDA:208,18,1,0
BRDA:215,19,0,0
BRDA:215,19,1,0
BRDA:230,20,0,0
BRDA:230,20,1,0
BRDA:232,21,0,0
BRDA:232,21,1,0
BRDA:233,22,0,0
BRDA:233,22,1,0
BRDA:233,23,0,0
BRDA:233,23,1,0
BRDA:235,24,0,0
BRDA:244,25,0,0
BRDA:244,25,1,0
BRDA:245,26,0,0
BRDA:245,26,1,0
BRDA:246,27,0,0
BRDA:246,27,1,0
BRDA:247,28,0,0
BRDA:247,28,1,0
BRDA:248,29,0,0
BRDA:248,29,1,0
BRDA:249,30,0,0
BRDA:249,30,1,0
BRDA:250,31,0,0
BRDA:250,31,1,0
BRDA:251,32,0,0
BRDA:251,32,1,0
BRDA:260,33,0,0
BRDA:284,34,0,0
BRDA:289,35,0,0
BRDA:289,35,1,0
BRDA:309,36,0,0
BRDA:309,36,1,0
BRDA:310,37,0,0
BRDA:310,37,1,0
BRDA:324,38,0,0
BRDA:324,38,1,0
BRDA:340,39,0,0
BRDA:340,39,1,0
BRDA:345,40,0,0
BRDA:345,40,1,0
BRDA:346,41,0,0
BRDA:346,41,1,0
BRDA:347,42,0,0
BRDA:347,42,1,0
BRDA:348,43,0,0
BRDA:348,43,1,0
BRDA:349,44,0,0
BRDA:349,44,1,0
BRDA:350,45,0,0
BRDA:350,45,1,0
BRDA:351,46,0,0
BRDA:351,46,1,0
BRDA:352,47,0,0
BRDA:352,47,1,0
BRDA:377,48,0,0
BRDA:377,48,1,0
BRDA:403,49,0,0
BRDA:403,49,1,0
BRDA:411,50,0,0
BRDA:411,50,1,0
BRDA:412,51,0,0
BRDA:412,51,1,0
BRDA:419,52,0,0
BRDA:419,52,1,0
BRDA:440,53,0,0
BRDA:440,53,1,0
BRDA:444,54,0,0
BRF:100
BRH:0
end_of_record
TN:
SF:src/app/admin/page.tsx
FN:26,AdminPage
FN:38,(anonymous_3)
FN:49,(anonymous_4)
FN:60,(anonymous_5)
FN:64,(anonymous_6)
FN:73,(anonymous_7)
FN:78,(anonymous_8)
FN:85,(anonymous_9)
FN:100,(anonymous_10)
FN:115,(anonymous_11)
FN:116,(anonymous_12)
FN:120,(anonymous_13)
FN:137,(anonymous_14)
FN:138,(anonymous_15)
FN:236,(anonymous_16)
FN:250,(anonymous_17)
FN:317,(anonymous_18)
FN:322,(anonymous_19)
FN:330,(anonymous_20)
FN:342,(anonymous_21)
FN:350,(anonymous_22)
FN:354,(anonymous_23)
FN:358,(anonymous_24)
FN:380,(anonymous_25)
FN:413,(anonymous_26)
FN:448,MeaningPreview
FN:457,(anonymous_28)
FN:486,(anonymous_29)
FNF:28
FNH:0
FNDA:0,AdminPage
FNDA:0,(anonymous_3)
FNDA:0,(anonymous_4)
FNDA:0,(anonymous_5)
FNDA:0,(anonymous_6)
FNDA:0,(anonymous_7)
FNDA:0,(anonymous_8)
FNDA:0,(anonymous_9)
FNDA:0,(anonymous_10)
FNDA:0,(anonymous_11)
FNDA:0,(anonymous_12)
FNDA:0,(anonymous_13)
FNDA:0,(anonymous_14)
FNDA:0,(anonymous_15)
FNDA:0,(anonymous_16)
FNDA:0,(anonymous_17)
FNDA:0,(anonymous_18)
FNDA:0,(anonymous_19)
FNDA:0,(anonymous_20)
FNDA:0,(anonymous_21)
FNDA:0,(anonymous_22)
FNDA:0,(anonymous_23)
FNDA:0,(anonymous_24)
FNDA:0,(anonymous_25)
FNDA:0,(anonymous_26)
FNDA:0,MeaningPreview
FNDA:0,(anonymous_28)
FNDA:0,(anonymous_29)
DA:3,0
DA:4,0
DA:5,0
DA:6,0
DA:7,0
DA:8,0
DA:9,0
DA:10,0
DA:26,0
DA:27,0
DA:28,0
DA:29,0
DA:30,0
DA:31,0
DA:32,0
DA:33,0
DA:34,0
DA:35,0
DA:36,0
DA:38,0
DA:39,0
DA:40,0
DA:41,0
DA:42,0
DA:44,0
DA:45,0
DA:49,0
DA:50,0
DA:51,0
DA:52,0
DA:53,0
DA:54,0
DA:57,0
DA:59,0
DA:60,0
DA:64,0
DA:65,0
DA:66,0
DA:67,0
DA:69,0
DA:73,0
DA:74,0
DA:75,0
DA:76,0
DA:77,0
DA:78,0
DA:79,0
DA:81,0
DA:82,0
DA:85,0
DA:86,0
DA:87,0
DA:88,0
DA:89,0
DA:90,0
DA:91,0
DA:92,0
DA:94,0
DA:96,0
DA:100,0
DA:101,0
DA:102,0
DA:103,0
DA:104,0
DA:105,0
DA:106,0
DA:107,0
DA:109,0
DA:111,0
DA:115,0
DA:116,0
DA:117,0
DA:120,0
DA:121,0
DA:122,0
DA:123,0
DA:124,0
DA:127,0
DA:128,0
DA:130,0
DA:131,0
DA:133,0
DA:137,0
DA:138,0
DA:139,0
DA:142,0
DA:156,0
DA:237,0
DA:250,0
DA:317,0
DA:322,0
DA:331,0
DA:342,0
DA:350,0
DA:354,0
DA:358,0
DA:380,0
DA:414,0
DA:457,0
DA:486,0
DA:487,0
DA:488,0
DA:490,0
DA:491,0
DA:493,0
DA:494,0
DA:496,0
LF:107
LH:0
BRDA:39,0,0,0
BRDA:40,1,0,0
BRDA:40,2,0,0
BRDA:40,2,1,0
BRDA:52,3,0,0
BRDA:52,3,1,0
BRDA:53,4,0,0
BRDA:57,5,0,0
BRDA:57,5,1,0
BRDA:77,6,0,0
BRDA:77,6,1,0
BRDA:79,7,0,0
BRDA:79,7,1,0
BRDA:79,7,2,0
BRDA:82,8,0,0
BRDA:82,8,1,0
BRDA:91,9,0,0
BRDA:96,10,0,0
BRDA:96,10,1,0
BRDA:106,11,0,0
BRDA:111,12,0,0
BRDA:111,12,1,0
BRDA:123,13,0,0
BRDA:123,13,1,0
BRDA:123,13,2,0
BRDA:127,14,0,0
BRDA:133,15,0,0
BRDA:133,15,1,0
BRDA:142,16,0,0
BRDA:156,17,0,0
BRDA:156,17,1,0
BRDA:193,18,0,0
BRDA:193,18,1,0
BRDA:194,19,0,0
BRDA:194,19,1,0
BRDA:205,20,0,0
BRDA:205,20,1,0
BRDA:206,21,0,0
BRDA:206,21,1,0
BRDA:224,22,0,0
BRDA:224,22,1,0
BRDA:225,23,0,0
BRDA:225,23,1,0
BRDA:247,24,0,0
BRDA:247,24,1,0
BRDA:248,25,0,0
BRDA:248,25,1,0
BRDA:254,26,0,0
BRDA:254,26,1,0
BRDA:255,27,0,0
BRDA:255,27,1,0
BRDA:257,28,0,0
BRDA:257,28,1,0
BRDA:258,29,0,0
BRDA:258,29,1,0
BRDA:260,30,0,0
BRDA:260,30,1,0
BRDA:261,31,0,0
BRDA:261,31,1,0
BRDA:272,32,0,0
BRDA:272,32,1,0
BRDA:273,33,0,0
BRDA:273,33,1,0
BRDA:278,34,0,0
BRDA:287,35,0,0
BRDA:287,35,1,0
BRDA:288,36,0,0
BRDA:288,36,1,0
BRDA:290,37,0,0
BRDA:290,37,1,0
BRDA:291,38,0,0
BRDA:291,38,1,0
BRDA:306,39,0,0
BRDA:306,39,1,0
BRDA:311,40,0,0
BRDA:311,40,1,0
BRDA:319,41,0,0
BRDA:319,41,1,0
BRDA:324,42,0,0
BRDA:324,42,1,0
BRDA:335,43,0,0
BRDA:335,43,1,0
BRDA:340,44,0,0
BRDA:340,44,1,0
BRDA:349,45,0,0
BRDA:349,45,1,0
BRDA:357,46,0,0
BRDA:370,47,0,0
BRDA:370,47,1,0
BRDA:379,48,0,0
BRDA:379,48,1,0
BRDA:379,48,2,0
BRDA:401,49,0,0
BRDA:401,49,1,0
BRDA:402,50,0,0
BRDA:402,50,1,0
BRDA:425,51,0,0
BRDA:466,52,0,0
BRDA:466,52,1,0
BRDA:467,53,0,0
BRDA:467,53,1,0
BRDA:469,54,0,0
BRDA:469,54,1,0
BRDA:470,55,0,0
BRDA:470,55,1,0
BRDA:479,56,0,0
BRDA:479,56,1,0
BRDA:487,57,0,0
BRDA:490,58,0,0
BRDA:490,59,0,0
BRDA:490,59,1,0
BRDA:493,60,0,0
BRDA:493,61,0,0
BRDA:493,61,1,0
BRDA:496,62,0,0
BRDA:496,62,1,0
BRF:116
BRH:0
end_of_record
TN:
SF:src/app/admin/forecasts/page.tsx
FN:32,AdminForecastsPage
FN:42,(anonymous_3)
FN:53,(anonymous_4)
FN:72,(anonymous_5)
FN:86,(anonymous_6)
FN:91,(anonymous_7)
FN:108,(anonymous_8)
FN:119,(anonymous_9)
FN:147,(anonymous_10)
FN:171,(anonymous_11)
FN:206,(anonymous_12)
FN:209,(anonymous_13)
FN:212,(anonymous_14)
FN:215,(anonymous_15)
FN:245,(anonymous_16)
FN:254,(anonymous_17)
FN:265,(anonymous_18)
FN:272,(anonymous_19)
FN:281,(anonymous_20)
FN:284,(anonymous_21)
FN:295,(anonymous_22)
FN:298,(anonymous_23)
FN:309,(anonymous_24)
FN:319,(anonymous_25)
FN:319,(anonymous_26)
FN:319,(anonymous_27)
FN:328,(anonymous_28)
FN:348,(anonymous_29)
FN:361,(anonymous_30)
FN:369,(anonymous_31)
FN:395,(anonymous_32)
FN:398,(anonymous_33)
FNF:32
FNH:0
FNDA:0,AdminForecastsPage
FNDA:0,(anonymous_3)
FNDA:0,(anonymous_4)
FNDA:0,(anonymous_5)
FNDA:0,(anonymous_6)
FNDA:0,(anonymous_7)
FNDA:0,(anonymous_8)
FNDA:0,(anonymous_9)
FNDA:0,(anonymous_10)
FNDA:0,(anonymous_11)
FNDA:0,(anonymous_12)
FNDA:0,(anonymous_13)
FNDA:0,(anonymous_14)
FNDA:0,(anonymous_15)
FNDA:0,(anonymous_16)
FNDA:0,(anonymous_17)
FNDA:0,(anonymous_18)
FNDA:0,(anonymous_19)
FNDA:0,(anonymous_20)
FNDA:0,(anonymous_21)
FNDA:0,(anonymous_22)
FNDA:0,(anonymous_23)
FNDA:0,(anonymous_24)
FNDA:0,(anonymous_25)
FNDA:0,(anonymous_26)
FNDA:0,(anonymous_27)
FNDA:0,(anonymous_28)
FNDA:0,(anonymous_29)
FNDA:0,(anonymous_30)
FNDA:0,(anonymous_31)
FNDA:0,(anonymous_32)
FNDA:0,(anonymous_33)
DA:3,0
DA:4,0
DA:5,0
DA:6,0
DA:7,0
DA:8,0
DA:9,0
DA:32,0
DA:33,0
DA:34,0
DA:35,0
DA:36,0
DA:37,0
DA:38,0
DA:39,0
DA:40,0
DA:42,0
DA:43,0
DA:44,0
DA:45,0
DA:47,0
DA:48,0
DA:53,0
DA:54,0
DA:55,0
DA:56,0
DA:57,0
DA:58,0
DA:59,0
DA:60,0
DA:61,0
DA:62,0
DA:65,0
DA:66,0
DA:68,0
DA:72,0
DA:73,0
DA:82,0
DA:83,0
DA:86,0
DA:87,0
DA:88,0
DA:91,0
DA:92,0
DA:93,0
DA:94,0
DA:95,0
DA:96,0
DA:98,0
DA:100,0
DA:101,0
DA:102,0
DA:104,0
DA:108,0
DA:109,0
DA:110,0
DA:111,0
DA:112,0
DA:113,0
DA:115,0
DA:119,0
DA:120,0
DA:121,0
DA:122,0
DA:123,0
DA:125,0
DA:129,0
DA:147,0
DA:172,0
DA:206,0
DA:209,0
DA:212,0
DA:215,0
DA:245,0
DA:254,0
DA:265,0
DA:272,0
DA:282,0
DA:284,0
DA:296,0
DA:298,0
DA:309,0
DA:319,0
DA:328,0
DA:349,0
DA:362,0
DA:370,0
DA:395,0
DA:398,0
LF:89
LH:0
BRDA:43,0,0,0
BRDA:43,1,0,0
BRDA:43,1,1,0
BRDA:43,1,2,0
BRDA:43,1,3,0
BRDA:47,2,0,0
BRDA:47,3,0,0
BRDA:47,3,1,0
BRDA:57,4,0,0
BRDA:60,5,0,0
BRDA:60,5,1,0
BRDA:61,6,0,0
BRDA:65,7,0,0
BRDA:65,7,1,0
BRDA:92,8,0,0
BRDA:95,9,0,0
BRDA:95,9,1,0
BRDA:104,10,0,0
BRDA:104,10,1,0
BRDA:109,11,0,0
BRDA:115,12,0,0
BRDA:115,12,1,0
BRDA:125,13,0,0
BRDA:125,13,1,0
BRDA:129,14,0,0
BRDA:129,15,0,0
BRDA:129,15,1,0
BRDA:161,16,0,0
BRDA:167,17,0,0
BRDA:167,17,1,0
BRDA:178,18,0,0
BRDA:178,18,1,0
BRDA:179,19,0,0
BRDA:179,19,1,0
BRDA:188,20,0,0
BRDA:192,21,0,0
BRDA:192,21,1,0
BRDA:202,22,0,0
BRDA:202,22,1,0
BRDA:213,23,0,0
BRDA:213,23,1,0
BRDA:225,24,0,0
BRDA:227,25,0,0
BRDA:227,25,1,0
BRDA:233,26,0,0
BRDA:233,26,1,0
BRDA:245,27,0,0
BRDA:245,27,1,0
BRDA:254,28,0,0
BRDA:254,28,1,0
BRDA:336,29,0,0
BRDA:336,29,1,0
BRDA:342,30,0,0
BRDA:344,31,0,0
BRDA:344,31,1,0
BRDA:381,32,0,0
BRDA:381,32,1,0
BRDA:383,33,0,0
BRDA:383,33,1,0
BRDA:385,34,0,0
BRDA:385,34,1,0
BRDA:387,35,0,0
BRDA:387,35,1,0
BRDA:392,36,0,0
BRDA:392,36,1,0
BRF:65
BRH:0
end_of_record
TN:
SF:src/app/admin/lexicon/page.tsx
FN:28,AdminLexiconPage
FN:37,(anonymous_3)
FN:47,(anonymous_4)
FN:59,(anonymous_5)
FN:71,(anonymous_6)
FN:75,(anonymous_7)
FN:79,(anonymous_8)
FN:92,(anonymous_9)
FN:103,(anonymous_10)
FN:114,(anonymous_11)
FN:135,(anonymous_12)
FN:147,(anonymous_13)
FN:175,(anonymous_14)
FN:175,(anonymous_15)
FN:186,(anonymous_16)
FN:186,(anonymous_17)
FN:198,(anonymous_18)
FN:223,(anonymous_19)
FN:226,(anonymous_20)
FN:249,(anonymous_21)
FN:256,(anonymous_22)
FN:268,(anonymous_23)
FN:279,(anonymous_24)
FN:290,(anonymous_25)
FN:298,(anonymous_26)
FN:308,(anonymous_27)
FNF:26
FNH:0
FNDA:0,AdminLexiconPage
FNDA:0,(anonymous_3)
FNDA:0,(anonymous_4)
FNDA:0,(anonymous_5)
FNDA:0,(anonymous_6)
FNDA:0,(anonymous_7)
FNDA:0,(anonymous_8)
FNDA:0,(anonymous_9)
FNDA:0,(anonymous_10)
FNDA:0,(anonymous_11)
FNDA:0,(anonymous_12)
FNDA:0,(anonymous_13)
FNDA:0,(anonymous_14)
FNDA:0,(anonymous_15)
FNDA:0,(anonymous_16)
FNDA:0,(anonymous_17)
FNDA:0,(anonymous_18)
FNDA:0,(anonymous_19)
FNDA:0,(anonymous_20)
FNDA:0,(anonymous_21)
FNDA:0,(anonymous_22)
FNDA:0,(anonymous_23)
FNDA:0,(anonymous_24)
FNDA:0,(anonymous_25)
FNDA:0,(anonymous_26)
FNDA:0,(anonymous_27)
DA:3,0
DA:4,0
DA:5,0
DA:6,0
DA:7,0
DA:8,0
DA:9,0
DA:28,0
DA:29,0
DA:30,0
DA:31,0
DA:32,0
DA:33,0
DA:34,0
DA:35,0
DA:37,0
DA:38,0
DA:39,0
DA:40,0
DA:42,0
DA:43,0
DA:47,0
DA:48,0
DA:49,0
DA:50,0
DA:51,0
DA:53,0
DA:55,0
DA:59,0
DA:60,0
DA:71,0
DA:72,0
DA:75,0
DA:76,0
DA:77,0
DA:78,0
DA:79,0
DA:80,0
DA:82,0
DA:84,0
DA:85,0
DA:86,0
DA:88,0
DA:92,0
DA:93,0
DA:94,0
DA:95,0
DA:96,0
DA:97,0
DA:99,0
DA:103,0
DA:104,0
DA:105,0
DA:106,0
DA:107,0
DA:108,0
DA:110,0
DA:114,0
DA:115,0
DA:116,0
DA:117,0
DA:118,0
DA:119,0
DA:121,0
DA:125,0
DA:133,0
DA:135,0
DA:147,0
DA:175,0
DA:186,0
DA:199,0
DA:223,0
DA:226,0
DA:249,0
DA:256,0
DA:268,0
DA:279,0
DA:290,0
DA:298,0
DA:308,0
LF:80
LH:0
BRDA:38,0,0,0
BRDA:38,1,0,0
BRDA:38,1,1,0
BRDA:38,1,2,0
BRDA:42,2,0,0
BRDA:53,3,0,0
BRDA:53,3,1,0
BRDA:76,4,0,0
BRDA:76,5,0,0
BRDA:76,5,1,0
BRDA:79,6,0,0
BRDA:79,6,1,0
BRDA:79,7,0,0
BRDA:79,7,1,0
BRDA:88,8,0,0
BRDA:88,8,1,0
BRDA:93,9,0,0
BRDA:99,10,0,0
BRDA:99,10,1,0
BRDA:104,11,0,0
BRDA:110,12,0,0
BRDA:110,12,1,0
BRDA:115,13,0,0
BRDA:121,14,0,0
BRDA:121,14,1,0
BRDA:125,15,0,0
BRDA:125,16,0,0
BRDA:125,16,1,0
BRDA:133,17,0,0
BRDA:135,18,0,0
BRDA:135,18,1,0
BRDA:163,19,0,0
BRDA:169,20,0,0
BRDA:169,20,1,0
BRDA:237,21,0,0
BRDA:239,22,0,0
BRDA:239,22,1,0
BRDA:243,23,0,0
BRDA:243,23,1,0
BRF:39
BRH:0
end_of_record
TN:
SF:src/app/affirmations/page.tsx
FN:34,personalizedNeedFromFocus
FN:53,uniqueStrings
FN:54,(anonymous_4)
FN:57,detectFocus
FN:72,buildAffirmationItem
FN:91,buildMantraItem
FN:113,AffirmationsPage
FN:125,(anonymous_9)
FN:126,(anonymous_10)
FN:147,(anonymous_11)
FN:149,(anonymous_12)
FN:150,(anonymous_13)
FN:155,(anonymous_14)
FN:164,(anonymous_15)
FN:165,(anonymous_16)
FN:167,(anonymous_17)
FN:171,(anonymous_18)
FN:255,(anonymous_19)
FN:258,(anonymous_20)
FN:268,(anonymous_21)
FN:282,(anonymous_22)
FN:285,(anonymous_23)
FN:312,(anonymous_24)
FN:348,(anonymous_25)
FN:355,(anonymous_26)
FN:400,(anonymous_27)
FN:434,(anonymous_28)
FN:435,(anonymous_29)
FN:446,(anonymous_30)
FNF:29
FNH:0
FNDA:0,personalizedNeedFromFocus
FNDA:0,uniqueStrings
FNDA:0,(anonymous_4)
FNDA:0,detectFocus
FNDA:0,buildAffirmationItem
FNDA:0,buildMantraItem
FNDA:0,AffirmationsPage
FNDA:0,(anonymous_9)
FNDA:0,(anonymous_10)
FNDA:0,(anonymous_11)
FNDA:0,(anonymous_12)
FNDA:0,(anonymous_13)
FNDA:0,(anonymous_14)
FNDA:0,(anonymous_15)
FNDA:0,(anonymous_16)
FNDA:0,(anonymous_17)
FNDA:0,(anonymous_18)
FNDA:0,(anonymous_19)
FNDA:0,(anonymous_20)
FNDA:0,(anonymous_21)
FNDA:0,(anonymous_22)
FNDA:0,(anonymous_23)
FNDA:0,(anonymous_24)
FNDA:0,(anonymous_25)
FNDA:0,(anonymous_26)
FNDA:0,(anonymous_27)
FNDA:0,(anonymous_28)
FNDA:0,(anonymous_29)
FNDA:0,(anonymous_30)
DA:3,0
DA:4,0
DA:5,0
DA:6,0
DA:8,0
DA:35,0
DA:36,0
DA:37,0
DA:38,0
DA:39,0
DA:40,0
DA:43,0
DA:54,0
DA:58,0
DA:59,0
DA:61,0
DA:62,0
DA:63,0
DA:64,0
DA:65,0
DA:66,0
DA:68,0
DA:69,0
DA:73,0
DA:74,0
DA:75,0
DA:76,0
DA:78,0
DA:92,0
DA:93,0
DA:94,0
DA:95,0
DA:96,0
DA:97,0
DA:98,0
DA:100,0
DA:113,0
DA:114,0
DA:115,0
DA:116,0
DA:117,0
DA:118,0
DA:119,0
DA:120,0
DA:121,0
DA:122,0
DA:123,0
DA:125,0
DA:126,0
DA:127,0
DA:128,0
DA:129,0
DA:130,0
DA:134,0
DA:135,0
DA:137,0
DA:138,0
DA:140,0
DA:144,0
DA:147,0
DA:148,0
DA:149,0
DA:150,0
DA:153,0
DA:155,0
DA:156,0
DA:157,0
DA:158,0
DA:159,0
DA:160,0
DA:164,0
DA:165,0
DA:167,0
DA:168,0
DA:171,0
DA:172,0
DA:173,0
DA:174,0
DA:175,0
DA:176,0
DA:178,0
DA:179,0
DA:181,0
DA:185,0
DA:195,0
DA:256,0
DA:258,0
DA:268,0
DA:283,0
DA:285,0
DA:313,0
DA:348,0
DA:356,0
DA:401,0
DA:435,0
DA:436,0
DA:447,0
LF:97
LH:0
BRDA:35,0,0,0
BRDA:36,1,0,0
BRDA:37,2,0,0
BRDA:38,3,0,0
BRDA:39,4,0,0
BRDA:39,5,0,0
BRDA:39,5,1,0
BRDA:54,6,0,0
BRDA:54,6,1,0
BRDA:61,7,0,0
BRDA:62,8,0,0
BRDA:63,9,0,0
BRDA:64,10,0,0
BRDA:65,11,0,0
BRDA:66,12,0,0
BRDA:68,13,0,0
BRDA:73,14,0,0
BRDA:73,14,1,0
BRDA:74,15,0,0
BRDA:74,15,1,0
BRDA:74,15,2,0
BRDA:74,16,0,0
BRDA:74,16,1,0
BRDA:75,17,0,0
BRDA:75,17,1,0
BRDA:76,18,0,0
BRDA:76,18,1,0
BRDA:86,19,0,0
BRDA:86,19,1,0
BRDA:87,20,0,0
BRDA:87,20,1,0
BRDA:92,21,0,0
BRDA:92,21,1,0
BRDA:93,22,0,0
BRDA:93,22,1,0
BRDA:94,23,0,0
BRDA:94,23,1,0
BRDA:95,24,0,0
BRDA:95,24,1,0
BRDA:96,25,0,0
BRDA:96,25,1,0
BRDA:96,25,2,0
BRDA:96,25,3,0
BRDA:96,25,4,0
BRDA:97,26,0,0
BRDA:97,26,1,0
BRDA:98,27,0,0
BRDA:98,27,1,0
BRDA:98,28,0,0
BRDA:98,28,1,0
BRDA:98,29,0,0
BRDA:98,29,1,0
BRDA:103,30,0,0
BRDA:103,30,1,0
BRDA:108,31,0,0
BRDA:108,31,1,0
BRDA:109,32,0,0
BRDA:109,32,1,0
BRDA:134,33,0,0
BRDA:134,33,1,0
BRDA:135,34,0,0
BRDA:135,34,1,0
BRDA:156,35,0,0
BRDA:156,36,0,0
BRDA:156,36,1,0
BRDA:157,37,0,0
BRDA:157,38,0,0
BRDA:157,38,1,0
BRDA:158,39,0,0
BRDA:172,40,0,0
BRDA:172,41,0,0
BRDA:172,41,1,0
BRDA:176,42,0,0
BRDA:176,42,1,0
BRDA:185,43,0,0
BRDA:195,44,0,0
BRDA:259,45,0,0
BRDA:259,45,1,0
BRDA:290,46,0,0
BRDA:290,46,1,0
BRDA:291,47,0,0
BRDA:291,47,1,0
BRDA:306,48,0,0
BRDA:306,48,1,0
BRDA:318,49,0,0
BRDA:318,49,1,0
BRDA:323,50,0,0
BRDA:323,50,1,0
BRDA:337,51,0,0
BRDA:337,51,1,0
BRDA:337,52,0,0
BRDA:337,52,1,0
BRDA:337,52,2,0
BRDA:349,53,0,0
BRDA:349,53,1,0
BRDA:354,54,0,0
BRDA:388,55,0,0
BRDA:388,55,1,0
BRDA:388,56,0,0
BRDA:388,56,1,0
BRDA:393,57,0,0
BRDA:415,58,0,0
BRDA:415,58,1,0
BRDA:427,59,0,0
BRDA:427,59,1,0
BRDA:436,60,0,0
BRDA:436,60,1,0
BRDA:467,61,0,0
BRF:108
BRH:0
end_of_record
TN:
SF:src/app/affirmations/tracker/page.tsx
FN:11,parseDateParam
FN:36,AffirmationsTrackerContent
FN:52,(anonymous_4)
FN:55,(anonymous_5)
FN:64,(anonymous_6)
FN:79,(anonymous_7)
FN:100,(anonymous_8)
FN:139,(anonymous_9)
FN:159,(anonymous_10)
FN:187,(anonymous_11)
FN:197,(anonymous_12)
FN:210,(anonymous_13)
FN:224,(anonymous_14)
FN:245,(anonymous_15)
FN:263,(anonymous_16)
FN:295,(anonymous_17)
FN:340,AffirmationsTrackerPage
FNF:17
FNH:0
FNDA:0,parseDateParam
FNDA:0,AffirmationsTrackerContent
FNDA:0,(anonymous_4)
FNDA:0,(anonymous_5)
FNDA:0,(anonymous_6)
FNDA:0,(anonymous_7)
FNDA:0,(anonymous_8)
FNDA:0,(anonymous_9)
FNDA:0,(anonymous_10)
FNDA:0,(anonymous_11)
FNDA:0,(anonymous_12)
FNDA:0,(anonymous_13)
FNDA:0,(anonymous_14)
FNDA:0,(anonymous_15)
FNDA:0,(anonymous_16)
FNDA:0,(anonymous_17)
FNDA:0,AffirmationsTrackerPage
DA:3,0
DA:4,0
DA:5,0
DA:6,0
DA:7,0
DA:8,0
DA:9,0
DA:12,0
DA:13,0
DA:14,0
DA:37,0
DA:38,0
DA:39,0
DA:40,0
DA:41,0
DA:42,0
DA:43,0
DA:44,0
DA:45,0
DA:46,0
DA:47,0
DA:48,0
DA:49,0
DA:50,0
DA:52,0
DA:53,0
DA:55,0
DA:56,0
DA:57,0
DA:58,0
DA:64,0
DA:65,0
DA:66,0
DA:68,0
DA:69,0
DA:70,0
DA:72,0
DA:76,0
DA:79,0
DA:80,0
DA:81,0
DA:82,0
DA:85,0
DA:86,0
DA:87,0
DA:97,0
DA:100,0
DA:101,0
DA:103,0
DA:104,0
DA:105,0
DA:106,0
DA:107,0
DA:109,0
DA:110,0
DA:112,0
DA:116,0
DA:126,0
DA:139,0
DA:159,0
DA:187,0
DA:198,0
DA:210,0
DA:224,0
DA:245,0
DA:263,0
DA:296,0
DA:340,0
LF:68
LH:0
BRDA:12,0,0,0
BRDA:12,1,0,0
BRDA:12,1,1,0
BRDA:14,2,0,0
BRDA:14,2,1,0
BRDA:44,3,0,0
BRDA:44,3,1,0
BRDA:53,4,0,0
BRDA:64,5,0,0
BRDA:64,5,1,0
BRDA:66,6,0,0
BRDA:66,6,1,0
BRDA:80,7,0,0
BRDA:92,8,0,0
BRDA:92,8,1,0
BRDA:93,9,0,0
BRDA:93,9,1,0
BRDA:94,10,0,0
BRDA:94,10,1,0
BRDA:100,11,0,0
BRDA:100,11,1,0
BRDA:116,12,0,0
BRDA:116,13,0,0
BRDA:116,13,1,0
BRDA:126,14,0,0
BRDA:139,15,0,0
BRDA:139,15,1,0
BRDA:139,15,2,0
BRDA:199,16,0,0
BRDA:199,16,1,0
BRDA:199,16,2,0
BRDA:244,17,0,0
BRDA:244,17,1,0
BRDA:245,18,0,0
BRDA:245,18,1,0
BRDA:283,19,0,0
BRDA:283,19,1,0
BRDA:292,20,0,0
BRDA:307,21,0,0
BRDA:307,21,1,0
BRDA:307,22,0,0
BRDA:307,22,1,0
BRDA:309,23,0,0
BRDA:309,23,1,0
BRDA:310,24,0,0
BRDA:310,24,1,0
BRDA:313,25,0,0
BRDA:316,26,0,0
BRDA:316,26,1,0
BRDA:319,27,0,0
BRF:50
BRH:0
end_of_record
TN:
SF:src/app/app/page.tsx
FN:3,LegacyAppPage
FNF:1
FNH:0
FNDA:0,LegacyAppPage
DA:1,0
DA:3,0
DA:4,0
LF:3
LH:0
BRF:0
BRH:0
end_of_record
TN:
SF:src/app/asceticisms/page.tsx
FN:24,AsceticismsPage
FN:68,(anonymous_3)
FN:73,(anonymous_4)
FN:86,(anonymous_5)
FN:89,(anonymous_6)
FN:92,(anonymous_7)
FN:103,(anonymous_8)
FN:112,(anonymous_9)
FN:120,(anonymous_10)
FN:175,(anonymous_11)
FN:178,(anonymous_12)
FN:205,(anonymous_13)
FN:235,(anonymous_14)
FN:261,(anonymous_15)
FN:264,(anonymous_16)
FN:292,(anonymous_17)
FN:302,(anonymous_18)
FN:303,(anonymous_19)
FNF:18
FNH:0
FNDA:0,AsceticismsPage
FNDA:0,(anonymous_3)
FNDA:0,(anonymous_4)
FNDA:0,(anonymous_5)
FNDA:0,(anonymous_6)
FNDA:0,(anonymous_7)
FNDA:0,(anonymous_8)
FNDA:0,(anonymous_9)
FNDA:0,(anonymous_10)
FNDA:0,(anonymous_11)
FNDA:0,(anonymous_12)
FNDA:0,(anonymous_13)
FNDA:0,(anonymous_14)
FNDA:0,(anonymous_15)
FNDA:0,(anonymous_16)
FNDA:0,(anonymous_17)
FNDA:0,(anonymous_18)
FNDA:0,(anonymous_19)
DA:3,0
DA:4,0
DA:5,0
DA:6,0
DA:7,0
DA:24,0
DA:25,0
DA:26,0
DA:27,0
DA:28,0
DA:29,0
DA:30,0
DA:31,0
DA:32,0
DA:33,0
DA:35,0
DA:68,0
DA:69,0
DA:70,0
DA:73,0
DA:74,0
DA:75,0
DA:76,0
DA:77,0
DA:79,0
DA:80,0
DA:82,0
DA:86,0
DA:87,0
DA:89,0
DA:90,0
DA:92,0
DA:93,0
DA:94,0
DA:95,0
DA:102,0
DA:103,0
DA:105,0
DA:107,0
DA:109,0
DA:112,0
DA:113,0
DA:114,0
DA:115,0
DA:116,0
DA:120,0
DA:121,0
DA:122,0
DA:125,0
DA:135,0
DA:148,0
DA:176,0
DA:178,0
DA:205,0
DA:236,0
DA:237,0
DA:238,0
DA:262,0
DA:264,0
DA:292,0
DA:303,0
DA:304,0
LF:62
LH:0
BRDA:69,0,0,0
BRDA:90,1,0,0
BRDA:90,1,1,0
BRDA:93,2,0,0
BRDA:93,2,1,0
BRDA:94,3,0,0
BRDA:94,3,1,0
BRDA:102,4,0,0
BRDA:102,4,1,0
BRDA:103,5,0,0
BRDA:103,5,1,0
BRDA:105,6,0,0
BRDA:105,6,1,0
BRDA:113,7,0,0
BRDA:125,8,0,0
BRDA:125,9,0,0
BRDA:125,9,1,0
BRDA:135,10,0,0
BRDA:148,11,0,0
BRDA:169,12,0,0
BRDA:231,13,0,0
BRDA:249,14,0,0
BRDA:249,14,1,0
BRDA:288,15,0,0
BRDA:288,15,1,0
BRDA:304,16,0,0
BRF:26
BRH:0
end_of_record
TN:
SF:src/app/asceticisms/tracker/page.tsx
FN:11,parseDateParam
FN:36,AsceticismsTrackerContent
FN:52,(anonymous_4)
FN:55,(anonymous_5)
FN:64,(anonymous_6)
FN:79,(anonymous_7)
FN:100,(anonymous_8)
FN:139,(anonymous_9)
FN:159,(anonymous_10)
FN:187,(anonymous_11)
FN:197,(anonymous_12)
FN:210,(anonymous_13)
FN:224,(anonymous_14)
FN:245,(anonymous_15)
FN:263,(anonymous_16)
FN:295,(anonymous_17)
FN:340,AsceticismsTrackerPage
FNF:17
FNH:0
FNDA:0,parseDateParam
FNDA:0,AsceticismsTrackerContent
FNDA:0,(anonymous_4)
FNDA:0,(anonymous_5)
FNDA:0,(anonymous_6)
FNDA:0,(anonymous_7)
FNDA:0,(anonymous_8)
FNDA:0,(anonymous_9)
FNDA:0,(anonymous_10)
FNDA:0,(anonymous_11)
FNDA:0,(anonymous_12)
FNDA:0,(anonymous_13)
FNDA:0,(anonymous_14)
FNDA:0,(anonymous_15)
FNDA:0,(anonymous_16)
FNDA:0,(anonymous_17)
FNDA:0,AsceticismsTrackerPage
DA:3,0
DA:4,0
DA:5,0
DA:6,0
DA:7,0
DA:8,0
DA:9,0
DA:12,0
DA:13,0
DA:14,0
DA:37,0
DA:38,0
DA:39,0
DA:40,0
DA:41,0
DA:42,0
DA:43,0
DA:44,0
DA:45,0
DA:46,0
DA:47,0
DA:48,0
DA:49,0
DA:50,0
DA:52,0
DA:53,0
DA:55,0
DA:56,0
DA:57,0
DA:58,0
DA:64,0
DA:65,0
DA:66,0
DA:68,0
DA:69,0
DA:70,0
DA:72,0
DA:76,0
DA:79,0
DA:80,0
DA:81,0
DA:82,0
DA:85,0
DA:86,0
DA:87,0
DA:97,0
DA:100,0
DA:101,0
DA:103,0
DA:104,0
DA:105,0
DA:106,0
DA:107,0
DA:109,0
DA:110,0
DA:112,0
DA:116,0
DA:126,0
DA:139,0
DA:159,0
DA:187,0
DA:198,0
DA:210,0
DA:224,0
DA:245,0
DA:263,0
DA:296,0
DA:340,0
LF:68
LH:0
BRDA:12,0,0,0
BRDA:12,1,0,0
BRDA:12,1,1,0
BRDA:14,2,0,0
BRDA:14,2,1,0
BRDA:44,3,0,0
BRDA:44,3,1,0
BRDA:53,4,0,0
BRDA:64,5,0,0
BRDA:64,5,1,0
BRDA:66,6,0,0
BRDA:66,6,1,0
BRDA:80,7,0,0
BRDA:92,8,0,0
BRDA:92,8,1,0
BRDA:93,9,0,0
BRDA:93,9,1,0
BRDA:94,10,0,0
BRDA:94,10,1,0
BRDA:100,11,0,0
BRDA:100,11,1,0
BRDA:116,12,0,0
BRDA:116,13,0,0
BRDA:116,13,1,0
BRDA:126,14,0,0
BRDA:244,15,0,0
BRDA:244,15,1,0
BRDA:245,16,0,0
BRDA:245,16,1,0
BRDA:283,17,0,0
BRDA:283,17,1,0
BRDA:292,18,0,0
BRDA:307,19,0,0
BRDA:307,19,1,0
BRDA:307,20,0,0
BRDA:307,20,1,0
BRDA:309,21,0,0
BRDA:309,21,1,0
BRDA:310,22,0,0
BRDA:310,22,1,0
BRDA:313,23,0,0
BRDA:316,24,0,0
BRDA:316,24,1,0
BRDA:319,25,0,0
BRF:44
BRH:0
end_of_record
TN:
SF:src/app/auth/page.tsx
FN:25,getRedirectContext
FN:61,AuthPageContent
FN:78,(anonymous_4)
FN:81,(anonymous_5)
FN:89,(anonymous_6)
FN:95,(anonymous_7)
FN:101,(anonymous_8)
FN:141,(anonymous_9)
FN:142,(anonymous_10)
FN:145,(anonymous_11)
FN:160,(anonymous_12)
FN:247,(anonymous_13)
FN:259,(anonymous_14)
FN:384,(anonymous_15)
FN:424,(anonymous_16)
FN:426,(anonymous_17)
FN:450,(anonymous_18)
FN:452,(anonymous_19)
FN:461,(anonymous_20)
FN:539,(anonymous_21)
FN:541,(anonymous_22)
FN:550,(anonymous_23)
FN:590,(anonymous_24)
FN:592,(anonymous_25)
FN:691,(anonymous_26)
FN:707,(anonymous_27)
FN:728,AuthPage
FNF:27
FNH:0
FNDA:0,getRedirectContext
FNDA:0,AuthPageContent
FNDA:0,(anonymous_4)
FNDA:0,(anonymous_5)
FNDA:0,(anonymous_6)
FNDA:0,(anonymous_7)
FNDA:0,(anonymous_8)
FNDA:0,(anonymous_9)
FNDA:0,(anonymous_10)
FNDA:0,(anonymous_11)
FNDA:0,(anonymous_12)
FNDA:0,(anonymous_13)
FNDA:0,(anonymous_14)
FNDA:0,(anonymous_15)
FNDA:0,(anonymous_16)
FNDA:0,(anonymous_17)
FNDA:0,(anonymous_18)
FNDA:0,(anonymous_19)
FNDA:0,(anonymous_20)
FNDA:0,(anonymous_21)
FNDA:0,(anonymous_22)
FNDA:0,(anonymous_23)
FNDA:0,(anonymous_24)
FNDA:0,(anonymous_25)
FNDA:0,(anonymous_26)
FNDA:0,(anonymous_27)
FNDA:0,AuthPage
DA:3,0
DA:4,0
DA:5,0
DA:6,0
DA:7,0
DA:8,0
DA:9,0
DA:10,0
DA:11,0
DA:26,0
DA:27,0
DA:33,0
DA:34,0
DA:40,0
DA:41,0
DA:47,0
DA:48,0
DA:54,0
DA:62,0
DA:63,0
DA:64,0
DA:65,0
DA:66,0
DA:67,0
DA:68,0
DA:69,0
DA:70,0
DA:71,0
DA:72,0
DA:73,0
DA:74,0
DA:75,0
DA:76,0
DA:77,0
DA:78,0
DA:79,0
DA:81,0
DA:82,0
DA:83,0
DA:84,0
DA:85,0
DA:86,0
DA:89,0
DA:90,0
DA:91,0
DA:95,0
DA:96,0
DA:97,0
DA:101,0
DA:102,0
DA:105,0
DA:106,0
DA:107,0
DA:108,0
DA:112,0
DA:113,0
DA:114,0
DA:115,0
DA:116,0
DA:117,0
DA:124,0
DA:125,0
DA:126,0
DA:127,0
DA:128,0
DA:132,0
DA:133,0
DA:137,0
DA:138,0
DA:141,0
DA:142,0
DA:145,0
DA:146,0
DA:147,0
DA:148,0
DA:149,0
DA:150,0
DA:151,0
DA:152,0
DA:153,0
DA:154,0
DA:155,0
DA:158,0
DA:160,0
DA:161,0
DA:162,0
DA:163,0
DA:165,0
DA:166,0
DA:169,0
DA:170,0
DA:171,0
DA:174,0
DA:175,0
DA:176,0
DA:177,0
DA:178,0
DA:179,0
DA:180,0
DA:181,0
DA:182,0
DA:183,0
DA:185,0
DA:186,0
DA:187,0
DA:188,0
DA:189,0
DA:190,0
DA:193,0
DA:194,0
DA:195,0
DA:196,0
DA:197,0
DA:198,0
DA:201,0
DA:206,0
DA:217,0
DA:248,0
DA:249,0
DA:250,0
DA:251,0
DA:260,0
DA:261,0
DA:262,0
DA:263,0
DA:385,0
DA:425,0
DA:426,0
DA:451,0
DA:452,0
DA:461,0
DA:540,0
DA:541,0
DA:550,0
DA:591,0
DA:592,0
DA:692,0
DA:693,0
DA:694,0
DA:695,0
DA:708,0
DA:709,0
DA:710,0
DA:711,0
DA:728,0
LF:145
LH:0
BRDA:26,0,0,0
BRDA:33,1,0,0
BRDA:33,2,0,0
BRDA:33,2,1,0
BRDA:33,2,2,0
BRDA:40,3,0,0
BRDA:47,4,0,0
BRDA:47,5,0,0
BRDA:47,5,1,0
BRDA:90,6,0,0
BRDA:90,7,0,0
BRDA:90,7,1,0
BRDA:96,8,0,0
BRDA:96,9,0,0
BRDA:96,9,1,0
BRDA:105,10,0,0
BRDA:105,10,1,0
BRDA:107,11,0,0
BRDA:112,12,0,0
BRDA:112,12,1,0
BRDA:114,13,0,0
BRDA:114,13,1,0
BRDA:116,14,0,0
BRDA:124,15,0,0
BRDA:125,16,0,0
BRDA:125,16,1,0
BRDA:127,17,0,0
BRDA:132,18,0,0
BRDA:146,19,0,0
BRDA:147,20,0,0
BRDA:153,21,0,0
BRDA:154,22,0,0
BRDA:165,23,0,0
BRDA:165,24,0,0
BRDA:165,24,1,0
BRDA:169,25,0,0
BRDA:169,26,0,0
BRDA:169,26,1,0
BRDA:169,26,2,0
BRDA:177,27,0,0
BRDA:177,27,1,0
BRDA:193,28,0,0
BRDA:193,28,1,0
BRDA:193,29,0,0
BRDA:193,29,1,0
BRDA:195,30,0,0
BRDA:195,30,1,0
BRDA:195,31,0,0
BRDA:195,31,1,0
BRDA:197,32,0,0
BRDA:197,33,0,0
BRDA:197,33,1,0
BRDA:206,34,0,0
BRDA:217,35,0,0
BRDA:241,36,0,0
BRDA:241,36,1,0
BRDA:242,37,0,0
BRDA:242,37,1,0
BRDA:253,38,0,0
BRDA:253,38,1,0
BRDA:265,39,0,0
BRDA:265,39,1,0
BRDA:275,40,0,0
BRDA:275,40,1,0
BRDA:276,41,0,0
BRDA:276,41,1,0
BRDA:280,42,0,0
BRDA:280,42,1,0
BRDA:286,43,0,0
BRDA:286,43,1,0
BRDA:287,44,0,0
BRDA:287,44,1,0
BRDA:291,45,0,0
BRDA:291,45,1,0
BRDA:298,46,0,0
BRDA:298,46,1,0
BRDA:299,47,0,0
BRDA:299,47,1,0
BRDA:327,48,0,0
BRDA:327,48,1,0
BRDA:328,49,0,0
BRDA:328,49,1,0
BRDA:409,50,0,0
BRDA:409,50,1,0
BRDA:410,51,0,0
BRDA:410,51,1,0
BRDA:428,52,0,0
BRDA:428,52,1,0
BRDA:433,53,0,0
BRDA:448,54,0,0
BRDA:448,54,1,0
BRDA:454,55,0,0
BRDA:454,55,1,0
BRDA:455,56,0,0
BRDA:455,56,1,0
BRDA:476,57,0,0
BRDA:476,57,1,0
BRDA:479,58,0,0
BRDA:479,58,1,0
BRDA:494,59,0,0
BRDA:494,59,1,0
BRDA:496,60,0,0
BRDA:496,60,1,0
BRDA:506,61,0,0
BRDA:506,61,1,0
BRDA:508,62,0,0
BRDA:508,62,1,0
BRDA:521,63,0,0
BRDA:529,64,0,0
BRDA:537,65,0,0
BRDA:537,65,1,0
BRDA:543,66,0,0
BRDA:543,66,1,0
BRDA:565,67,0,0
BRDA:565,67,1,0
BRDA:568,68,0,0
BRDA:577,69,0,0
BRDA:608,70,0,0
BRDA:617,71,0,0
BRDA:626,72,0,0
BRDA:631,73,0,0
BRDA:631,73,1,0
BRDA:631,74,0,0
BRDA:631,74,1,0
BRDA:635,75,0,0
BRDA:635,75,1,0
BRDA:635,76,0,0
BRDA:635,76,1,0
BRDA:641,77,0,0
BRDA:641,77,1,0
BRDA:641,78,0,0
BRDA:641,78,1,0
BRDA:657,79,0,0
BRDA:657,79,1,0
BRDA:660,80,0,0
BRDA:660,80,1,0
BRDA:662,81,0,0
BRDA:662,81,1,0
BRDA:669,82,0,0
BRDA:669,82,1,0
BRDA:672,83,0,0
BRDA:672,83,1,0
BRDA:680,84,0,0
BRDA:680,84,1,0
BRDA:687,85,0,0
BRF:145
BRH:0
end_of_record
TN:
SF:src/app/auth/forgot-password/page.tsx
FN:11,ForgotPasswordPage
FN:18,(anonymous_3)
FN:22,(anonymous_4)
FN:128,(anonymous_5)
FN:147,(anonymous_6)
FNF:5
FNH:0
FNDA:0,ForgotPasswordPage
FNDA:0,(anonymous_3)
FNDA:0,(anonymous_4)
FNDA:0,(anonymous_5)
FNDA:0,(anonymous_6)
DA:3,0
DA:4,0
DA:5,0
DA:6,0
DA:7,0
DA:8,0
DA:9,0
DA:11,0
DA:12,0
DA:13,0
DA:14,0
DA:15,0
DA:16,0
DA:18,0
DA:19,0
DA:22,0
DA:23,0
DA:24,0
DA:25,0
DA:26,0
DA:27,0
DA:28,0
DA:30,0
DA:31,0
DA:33,0
DA:129,0
DA:130,0
DA:147,0
LF:28
LH:0
BRDA:28,0,0,0
BRDA:28,0,1,0
BRDA:30,1,0,0
BRDA:30,1,1,0
BRDA:62,2,0,0
BRDA:62,2,1,0
BRDA:63,3,0,0
BRDA:63,3,1,0
BRDA:74,4,0,0
BRDA:74,4,1,0
BRDA:75,5,0,0
BRDA:75,5,1,0
BRDA:93,6,0,0
BRDA:93,6,1,0
BRDA:94,7,0,0
BRDA:94,7,1,0
BRDA:99,8,0,0
BRDA:160,9,0,0
BRDA:160,9,1,0
BRDA:164,10,0,0
BRDA:164,10,1,0
BRF:21
BRH:0
end_of_record
TN:
SF:src/app/auth/reset-password/page.tsx
FN:12,ResetPasswordContent
FN:23,(anonymous_3)
FN:33,(anonymous_4)
FN:59,(anonymous_5)
FN:160,(anonymous_6)
FN:179,(anonymous_7)
FN:218,ResetPasswordPage
FNF:7
FNH:0
FNDA:0,ResetPasswordContent
FNDA:0,(anonymous_3)
FNDA:0,(anonymous_4)
FNDA:0,(anonymous_5)
FNDA:0,(anonymous_6)
FNDA:0,(anonymous_7)
FNDA:0,ResetPasswordPage
DA:3,0
DA:4,0
DA:5,0
DA:6,0
DA:7,0
DA:8,0
DA:9,0
DA:10,0
DA:13,0
DA:14,0
DA:15,0
DA:16,0
DA:17,0
DA:18,0
DA:19,0
DA:20,0
DA:21,0
DA:23,0
DA:24,0
DA:25,0
DA:26,0
DA:28,0
DA:30,0
DA:33,0
DA:34,0
DA:36,0
DA:37,0
DA:38,0
DA:41,0
DA:42,0
DA:43,0
DA:46,0
DA:47,0
DA:48,0
DA:51,0
DA:52,0
DA:53,0
DA:57,0
DA:58,0
DA:59,0
DA:60,0
DA:63,0
DA:64,0
DA:66,0
DA:70,0
DA:160,0
DA:179,0
DA:218,0
LF:48
LH:0
BRDA:25,0,0,0
BRDA:25,0,1,0
BRDA:36,1,0,0
BRDA:41,2,0,0
BRDA:46,3,0,0
BRDA:63,4,0,0
BRDA:63,4,1,0
BRDA:70,5,0,0
BRDA:70,6,0,0
BRDA:70,6,1,0
BRDA:112,7,0,0
BRDA:112,7,1,0
BRDA:113,8,0,0
BRDA:113,8,1,0
BRDA:117,9,0,0
BRDA:117,9,1,0
BRDA:124,10,0,0
BRDA:124,10,1,0
BRDA:125,11,0,0
BRDA:125,11,1,0
BRDA:129,12,0,0
BRDA:129,12,1,0
BRDA:139,13,0,0
BRDA:147,14,0,0
BRDA:147,14,1,0
BRDA:148,15,0,0
BRDA:148,15,1,0
BRDA:190,16,0,0
BRDA:190,16,1,0
BRDA:190,16,2,0
BRDA:194,17,0,0
BRDA:194,17,1,0
BRF:32
BRH:0
end_of_record
TN:
SF:src/app/billing/cancel/page.tsx
FN:5,BillingCancelPage
FNF:1
FNH:0
FNDA:0,BillingCancelPage
DA:3,0
DA:5,0
LF:2
LH:0
BRF:0
BRH:0
end_of_record
TN:
SF:src/app/billing/success/page.tsx
FN:11,BillingSuccessContent
FN:18,(anonymous_3)
FN:26,(anonymous_4)
FN:37,(anonymous_5)
FN:178,BillingSuccessPage
FNF:5
FNH:0
FNDA:0,BillingSuccessContent
FNDA:0,(anonymous_3)
FNDA:0,(anonymous_4)
FNDA:0,(anonymous_5)
FNDA:0,BillingSuccessPage
DA:3,0
DA:4,0
DA:5,0
DA:7,0
DA:8,0
DA:12,0
DA:13,0
DA:14,0
DA:15,0
DA:16,0
DA:18,0
DA:19,0
DA:21,0
DA:22,0
DA:23,0
DA:26,0
DA:27,0
DA:37,0
DA:38,0
DA:41,0
DA:42,0
DA:43,0
DA:47,0
DA:50,0
DA:70,0
DA:178,0
LF:26
LH:0
BRDA:19,0,0,0
BRDA:21,1,0,0
BRDA:21,1,1,0
BRDA:50,2,0,0
BRDA:70,3,0,0
BRF:5
BRH:0
end_of_record
TN:
SF:src/app/birth-chart/page.tsx
FN:3,LegacyBirthChartPage
FNF:1
FNH:0
FNDA:0,LegacyBirthChartPage
DA:1,0
DA:3,0
DA:4,0
LF:3
LH:0
BRF:0
BRH:0
end_of_record
TN:
SF:src/app/calendar/page.tsx
FN:73,shiftMonth
FN:79,getMonthRange
FN:90,getMonthDays
FN:116,isToday
FN:120,sameMonth
FN:124,CalendarOrganizerPage
FN:146,(anonymous_8)
FN:148,(anonymous_9)
FN:154,(anonymous_10)
FN:162,(anonymous_11)
FN:200,(anonymous_12)
FN:205,(anonymous_13)
FN:205,(anonymous_14)
FN:206,(anonymous_15)
FN:206,(anonymous_16)
FN:207,(anonymous_17)
FN:207,(anonymous_18)
FN:208,(anonymous_19)
FN:208,(anonymous_20)
FN:210,(anonymous_21)
FN:218,(anonymous_22)
FN:225,(anonymous_23)
FN:232,(anonymous_24)
FN:260,(anonymous_25)
FN:272,(anonymous_26)
FN:292,(anonymous_27)
FN:379,(anonymous_28)
FN:382,(anonymous_29)
FN:385,(anonymous_30)
FN:394,(anonymous_31)
FN:398,(anonymous_32)
FN:414,(anonymous_33)
FN:438,(anonymous_34)
FN:446,(anonymous_35)
FN:448,(anonymous_36)
FN:449,(anonymous_37)
FN:450,(anonymous_38)
FN:451,(anonymous_39)
FN:459,(anonymous_40)
FN:480,(anonymous_41)
FN:525,(anonymous_42)
FN:529,(anonymous_43)
FN:532,(anonymous_44)
FN:553,(anonymous_45)
FN:555,(anonymous_46)
FN:559,(anonymous_47)
FN:574,(anonymous_48)
FNF:47
FNH:0
FNDA:0,shiftMonth
FNDA:0,getMonthRange
FNDA:0,getMonthDays
FNDA:0,isToday
FNDA:0,sameMonth
FNDA:0,CalendarOrganizerPage
FNDA:0,(anonymous_8)
FNDA:0,(anonymous_9)
FNDA:0,(anonymous_10)
FNDA:0,(anonymous_11)
FNDA:0,(anonymous_12)
FNDA:0,(anonymous_13)
FNDA:0,(anonymous_14)
FNDA:0,(anonymous_15)
FNDA:0,(anonymous_16)
FNDA:0,(anonymous_17)
FNDA:0,(anonymous_18)
FNDA:0,(anonymous_19)
FNDA:0,(anonymous_20)
FNDA:0,(anonymous_21)
FNDA:0,(anonymous_22)
FNDA:0,(anonymous_23)
FNDA:0,(anonymous_24)
FNDA:0,(anonymous_25)
FNDA:0,(anonymous_26)
FNDA:0,(anonymous_27)
FNDA:0,(anonymous_28)
FNDA:0,(anonymous_29)
FNDA:0,(anonymous_30)
FNDA:0,(anonymous_31)
FNDA:0,(anonymous_32)
FNDA:0,(anonymous_33)
FNDA:0,(anonymous_34)
FNDA:0,(anonymous_35)
FNDA:0,(anonymous_36)
FNDA:0,(anonymous_37)
FNDA:0,(anonymous_38)
FNDA:0,(anonymous_39)
FNDA:0,(anonymous_40)
FNDA:0,(anonymous_41)
FNDA:0,(anonymous_42)
FNDA:0,(anonymous_43)
FNDA:0,(anonymous_44)
FNDA:0,(anonymous_45)
FNDA:0,(anonymous_46)
FNDA:0,(anonymous_47)
FNDA:0,(anonymous_48)
DA:3,0
DA:4,0
DA:5,0
DA:6,0
DA:7,0
DA:8,0
DA:74,0
DA:75,0
DA:76,0
DA:80,0
DA:81,0
DA:82,0
DA:83,0
DA:84,0
DA:91,0
DA:92,0
DA:93,0
DA:94,0
DA:95,0
DA:97,0
DA:98,0
DA:100,0
DA:101,0
DA:104,0
DA:105,0
DA:108,0
DA:109,0
DA:110,0
DA:113,0
DA:117,0
DA:121,0
DA:124,0
DA:125,0
DA:126,0
DA:128,0
DA:129,0
DA:130,0
DA:131,0
DA:132,0
DA:133,0
DA:134,0
DA:135,0
DA:136,0
DA:138,0
DA:139,0
DA:140,0
DA:141,0
DA:142,0
DA:143,0
DA:144,0
DA:146,0
DA:148,0
DA:149,0
DA:150,0
DA:151,0
DA:152,0
DA:154,0
DA:156,0
DA:157,0
DA:158,0
DA:159,0
DA:160,0
DA:162,0
DA:163,0
DA:164,0
DA:165,0
DA:166,0
DA:174,0
DA:175,0
DA:176,0
DA:177,0
DA:183,0
DA:184,0
DA:185,0
DA:186,0
DA:189,0
DA:190,0
DA:191,0
DA:192,0
DA:193,0
DA:194,0
DA:196,0
DA:200,0
DA:201,0
DA:202,0
DA:205,0
DA:206,0
DA:207,0
DA:208,0
DA:210,0
DA:211,0
DA:212,0
DA:214,0
DA:218,0
DA:219,0
DA:220,0
DA:221,0
DA:222,0
DA:225,0
DA:226,0
DA:227,0
DA:228,0
DA:229,0
DA:232,0
DA:233,0
DA:234,0
DA:235,0
DA:236,0
DA:244,0
DA:245,0
DA:247,0
DA:250,0
DA:251,0
DA:253,0
DA:254,0
DA:256,0
DA:260,0
DA:261,0
DA:262,0
DA:263,0
DA:264,0
DA:265,0
DA:267,0
DA:268,0
DA:272,0
DA:273,0
DA:274,0
DA:275,0
DA:276,0
DA:277,0
DA:279,0
DA:283,0
DA:285,0
DA:286,0
DA:288,0
DA:292,0
DA:293,0
DA:294,0
DA:295,0
DA:296,0
DA:297,0
DA:298,0
DA:300,0
DA:301,0
DA:305,0
DA:315,0
DA:379,0
DA:382,0
DA:385,0
DA:394,0
DA:398,0
DA:415,0
DA:416,0
DA:417,0
DA:439,0
DA:447,0
DA:448,0
DA:449,0
DA:450,0
DA:451,0
DA:452,0
DA:453,0
DA:455,0
DA:459,0
DA:481,0
DA:525,0
DA:529,0
DA:532,0
DA:554,0
DA:555,0
DA:559,0
DA:574,0
LF:172
LH:0
BRDA:121,0,0,0
BRDA:121,0,1,0
BRDA:156,1,0,0
BRDA:156,1,1,0
BRDA:165,2,0,0
BRDA:201,3,0,0
BRDA:206,4,0,0
BRDA:206,4,1,0
BRDA:207,5,0,0
BRDA:207,5,1,0
BRDA:208,6,0,0
BRDA:208,6,1,0
BRDA:211,7,0,0
BRDA:211,7,1,0
BRDA:221,8,0,0
BRDA:221,8,1,0
BRDA:222,9,0,0
BRDA:222,9,1,0
BRDA:233,10,0,0
BRDA:239,11,0,0
BRDA:239,11,1,0
BRDA:241,12,0,0
BRDA:241,12,1,0
BRDA:244,13,0,0
BRDA:244,13,1,0
BRDA:261,14,0,0
BRDA:264,15,0,0
BRDA:273,16,0,0
BRDA:276,17,0,0
BRDA:293,18,0,0
BRDA:294,19,0,0
BRDA:305,20,0,0
BRDA:305,21,0,0
BRDA:305,21,1,0
BRDA:315,22,0,0
BRDA:406,23,0,0
BRDA:406,23,1,0
BRDA:415,24,0,0
BRDA:415,24,1,0
BRDA:426,25,0,0
BRDA:426,25,1,0
BRDA:451,26,0,0
BRDA:451,26,1,0
BRDA:465,27,0,0
BRDA:465,27,1,0
BRDA:465,28,0,0
BRDA:465,28,1,0
BRDA:466,29,0,0
BRDA:466,29,1,0
BRDA:466,30,0,0
BRDA:466,30,1,0
BRDA:467,31,0,0
BRDA:467,31,1,0
BRDA:472,32,0,0
BRDA:472,32,1,0
BRDA:472,33,0,0
BRDA:472,33,1,0
BRDA:472,34,0,0
BRDA:472,34,1,0
BRDA:476,35,0,0
BRDA:476,35,1,0
BRDA:477,36,0,0
BRDA:477,36,1,0
BRDA:487,37,0,0
BRDA:487,37,1,0
BRDA:495,38,0,0
BRDA:495,38,1,0
BRDA:499,39,0,0
BRDA:502,40,0,0
BRDA:502,40,1,0
BRDA:537,41,0,0
BRDA:537,41,1,0
BRDA:538,42,0,0
BRDA:538,42,1,0
BRDA:540,43,0,0
BRDA:548,44,0,0
BRDA:548,44,1,0
BRDA:556,45,0,0
BRDA:556,45,1,0
BRDA:589,46,0,0
BRDA:589,46,1,0
BRDA:592,47,0,0
BRDA:600,48,0,0
BRDA:606,49,0,0
BRDA:608,50,0,0
BRDA:608,50,1,0
BRDA:611,51,0,0
BRDA:611,51,1,0
BRDA:614,52,0,0
BRDA:614,52,1,0
BRDA:614,53,0,0
BRDA:614,53,1,0
BRDA:625,54,0,0
BRDA:631,55,0,0
BRDA:632,56,0,0
BRDA:638,57,0,0
BRDA:639,58,0,0
BRDA:640,59,0,0
BRDA:641,60,0,0
BRDA:642,61,0,0
BRF:100
BRH:0
end_of_record
TN:
SF:src/app/catalog/page.tsx
FN:10,CatalogIndexPage
FN:82,(anonymous_3)
FN:83,(anonymous_4)
FN:84,(anonymous_5)
FNF:4
FNH:0
FNDA:0,CatalogIndexPage
FNDA:0,(anonymous_3)
FNDA:0,(anonymous_4)
FNDA:0,(anonymous_5)
DA:3,0
DA:4,0
DA:5,0
DA:6,0
DA:10,0
DA:11,0
DA:83,0
DA:84,0
DA:85,0
DA:86,0
DA:87,0
LF:11
LH:0
BRDA:86,0,0,0
BRDA:102,1,0,0
BRDA:102,1,1,0
BRDA:104,2,0,0
BRF:4
BRH:0
end_of_record
TN:
SF:src/app/catalog/authors/page.tsx
FN:29,AuthorsCatalogPage
FN:84,(anonymous_3)
FN:86,(anonymous_4)
FN:87,(anonymous_5)
FN:90,(anonymous_6)
FN:99,(anonymous_7)
FNF:6
FNH:0
FNDA:0,AuthorsCatalogPage
FNDA:0,(anonymous_3)
FNDA:0,(anonymous_4)
FNDA:0,(anonymous_5)
FNDA:0,(anonymous_6)
FNDA:0,(anonymous_7)
DA:1,0
DA:2,0
DA:3,0
DA:4,0
DA:5,0
DA:6,0
DA:8,0
DA:29,0
DA:85,0
DA:86,0
DA:87,0
DA:89,0
DA:90,0
DA:92,0
DA:100,0
LF:15
LH:0
BRDA:97,0,0,0
BRDA:101,1,0,0
BRDA:112,2,0,0
BRF:3
BRH:0
end_of_record
TN:
SF:src/app/catalog/education/page.tsx
FN:29,EducationCatalogPage
FN:84,(anonymous_3)
FN:86,(anonymous_4)
FN:87,(anonymous_5)
FN:90,(anonymous_6)
FN:99,(anonymous_7)
FNF:6
FNH:0
FNDA:0,EducationCatalogPage
FNDA:0,(anonymous_3)
FNDA:0,(anonymous_4)
FNDA:0,(anonymous_5)
FNDA:0,(anonymous_6)
FNDA:0,(anonymous_7)
DA:1,0
DA:2,0
DA:3,0
DA:4,0
DA:5,0
DA:6,0
DA:8,0
DA:29,0
DA:85,0
DA:86,0
DA:87,0
DA:89,0
DA:90,0
DA:92,0
DA:100,0
LF:15
LH:0
BRDA:97,0,0,0
BRDA:101,1,0,0
BRDA:112,2,0,0
BRF:3
BRH:0
end_of_record
TN:
SF:src/app/catalog/forecasts/page.tsx
FN:35,ForecastCatalogPage
FN:90,(anonymous_3)
FN:92,(anonymous_4)
FN:93,(anonymous_5)
FN:96,(anonymous_6)
FN:105,(anonymous_7)
FNF:6
FNH:0
FNDA:0,ForecastCatalogPage
FNDA:0,(anonymous_3)
FNDA:0,(anonymous_4)
FNDA:0,(anonymous_5)
FNDA:0,(anonymous_6)
FNDA:0,(anonymous_7)
DA:1,0
DA:2,0
DA:3,0
DA:4,0
DA:5,0
DA:6,0
DA:8,0
DA:35,0
DA:91,0
DA:92,0
DA:93,0
DA:95,0
DA:96,0
DA:98,0
DA:106,0
LF:15
LH:0
BRDA:103,0,0,0
BRDA:107,1,0,0
BRDA:118,2,0,0
BRF:3
BRH:0
end_of_record
TN:
SF:src/app/catalog/free/page.tsx
FN:47,FreeCatalogPage
FN:102,(anonymous_3)
FN:104,(anonymous_4)
FN:105,(anonymous_5)
FN:108,(anonymous_6)
FN:117,(anonymous_7)
FNF:6
FNH:0
FNDA:0,FreeCatalogPage
FNDA:0,(anonymous_3)
FNDA:0,(anonymous_4)
FNDA:0,(anonymous_5)
FNDA:0,(anonymous_6)
FNDA:0,(anonymous_7)
DA:1,0
DA:2,0
DA:3,0
DA:4,0
DA:5,0
DA:6,0
DA:8,0
DA:47,0
DA:103,0
DA:104,0
DA:105,0
DA:107,0
DA:108,0
DA:110,0
DA:118,0
LF:15
LH:0
BRDA:115,0,0,0
BRDA:119,1,0,0
BRDA:130,2,0,0
BRF:3
BRH:0
end_of_record
TN:
SF:src/app/catalog/personality/page.tsx
FN:30,PersonalityCatalogPage
FN:85,(anonymous_3)
FN:87,(anonymous_4)
FN:88,(anonymous_5)
FN:92,(anonymous_6)
FN:101,(anonymous_7)
FNF:6
FNH:0
FNDA:0,PersonalityCatalogPage
FNDA:0,(anonymous_3)
FNDA:0,(anonymous_4)
FNDA:0,(anonymous_5)
FNDA:0,(anonymous_6)
FNDA:0,(anonymous_7)
DA:1,0
DA:2,0
DA:3,0
DA:4,0
DA:5,0
DA:6,0
DA:9,0
DA:30,0
DA:86,0
DA:87,0
DA:88,0
DA:91,0
DA:92,0
DA:94,0
DA:102,0
LF:15
LH:0
BRDA:99,0,0,0
BRDA:103,1,0,0
BRDA:114,2,0,0
BRF:3
BRH:0
end_of_record
TN:
SF:src/app/catalog/product/[id]/page.tsx
FN:16,generateStaticParams
FN:17,(anonymous_6)
FN:20,generateMetadata
FN:47,CatalogProductPage
FN:52,(anonymous_9)
FN:59,(anonymous_10)
FN:60,(anonymous_11)
FN:61,(anonymous_12)
FN:189,(anonymous_13)
FN:202,(anonymous_14)
FN:232,(anonymous_15)
FN:254,(anonymous_16)
FNF:12
FNH:0
FNDA:0,generateStaticParams
FNDA:0,(anonymous_6)
FNDA:0,generateMetadata
FNDA:0,CatalogProductPage
FNDA:0,(anonymous_9)
FNDA:0,(anonymous_10)
FNDA:0,(anonymous_11)
FNDA:0,(anonymous_12)
FNDA:0,(anonymous_13)
FNDA:0,(anonymous_14)
FNDA:0,(anonymous_15)
FNDA:0,(anonymous_16)
DA:1,0
DA:2,0
DA:4,0
DA:5,0
DA:6,0
DA:7,0
DA:8,0
DA:9,0
DA:16,0
DA:17,0
DA:20,0
DA:21,0
DA:22,0
DA:23,0
DA:28,0
DA:29,0
DA:30,0
DA:31,0
DA:47,0
DA:48,0
DA:49,0
DA:50,0
DA:52,0
DA:53,0
DA:54,0
DA:56,0
DA:57,0
DA:58,0
DA:59,0
DA:60,0
DA:61,0
DA:62,0
DA:63,0
DA:64,0
DA:65,0
DA:66,0
DA:67,0
DA:68,0
DA:70,0
DA:73,0
DA:76,0
DA:78,0
DA:79,0
DA:80,0
DA:81,0
DA:82,0
DA:84,0
DA:86,0
DA:87,0
DA:88,0
DA:90,0
DA:190,0
DA:203,0
DA:233,0
DA:255,0
LF:55
LH:0
BRDA:22,0,0,0
BRDA:49,1,0,0
BRDA:54,2,0,0
BRDA:54,2,1,0
BRDA:58,3,0,0
BRDA:58,3,1,0
BRDA:67,4,0,0
BRDA:70,5,0,0
BRDA:70,5,1,0
BRDA:73,6,0,0
BRDA:73,6,1,0
BRDA:76,7,0,0
BRDA:76,7,1,0
BRDA:81,8,0,0
BRDA:86,9,0,0
BRDA:86,9,1,0
BRDA:90,10,0,0
BRDA:90,10,1,0
BRDA:132,11,0,0
BRDA:146,12,0,0
BRDA:146,12,1,0
BRDA:148,13,0,0
BRDA:156,14,0,0
BRDA:156,14,1,0
BRDA:178,15,0,0
BRDA:179,16,0,0
BRDA:180,17,0,0
BRDA:184,18,0,0
BRDA:196,19,0,0
BRDA:199,20,0,0
BRDA:200,21,0,0
BRDA:229,22,0,0
BRDA:238,23,0,0
BRDA:249,24,0,0
BRDA:277,25,0,0
BRDA:277,26,0,0
BRDA:277,26,1,0
BRDA:279,27,0,0
BRDA:279,27,1,0
BRF:39
BRH:0
end_of_record
TN:
SF:src/app/catalog/relationships/page.tsx
FN:29,RelationshipCatalogPage
FN:84,(anonymous_3)
FN:86,(anonymous_4)
FN:87,(anonymous_5)
FN:90,(anonymous_6)
FN:99,(anonymous_7)
FNF:6
FNH:0
FNDA:0,RelationshipCatalogPage
FNDA:0,(anonymous_3)
FNDA:0,(anonymous_4)
FNDA:0,(anonymous_5)
FNDA:0,(anonymous_6)
FNDA:0,(anonymous_7)
DA:1,0
DA:2,0
DA:3,0
DA:4,0
DA:5,0
DA:6,0
DA:8,0
DA:29,0
DA:85,0
DA:86,0
DA:87,0
DA:89,0
DA:90,0
DA:92,0
DA:100,0
LF:15
LH:0
BRDA:97,0,0,0
BRDA:101,1,0,0
BRDA:112,2,0,0
BRF:3
BRH:0
end_of_record
TN:
SF:src/app/catalog/shop/page.tsx
FN:29,ShopCatalogPage
FN:84,(anonymous_3)
FN:86,(anonymous_4)
FN:87,(anonymous_5)
FN:90,(anonymous_6)
FN:99,(anonymous_7)
FNF:6
FNH:0
FNDA:0,ShopCatalogPage
FNDA:0,(anonymous_3)
FNDA:0,(anonymous_4)
FNDA:0,(anonymous_5)
FNDA:0,(anonymous_6)
FNDA:0,(anonymous_7)
DA:1,0
DA:2,0
DA:3,0
DA:4,0
DA:5,0
DA:6,0
DA:8,0
DA:29,0
DA:85,0
DA:86,0
DA:87,0
DA:89,0
DA:90,0
DA:92,0
DA:100,0
LF:15
LH:0
BRDA:97,0,0,0
BRDA:101,1,0,0
BRDA:112,2,0,0
BRF:3
BRH:0
end_of_record
TN:
SF:src/app/catalog/subscriptions/page.tsx
FN:23,SubscriptionsCatalogPage
FN:78,(anonymous_3)
FN:80,(anonymous_4)
FN:81,(anonymous_5)
FN:84,(anonymous_6)
FN:93,(anonymous_7)
FNF:6
FNH:0
FNDA:0,SubscriptionsCatalogPage
FNDA:0,(anonymous_3)
FNDA:0,(anonymous_4)
FNDA:0,(anonymous_5)
FNDA:0,(anonymous_6)
FNDA:0,(anonymous_7)
DA:1,0
DA:2,0
DA:3,0
DA:4,0
DA:5,0
DA:6,0
DA:8,0
DA:23,0
DA:79,0
DA:80,0
DA:81,0
DA:83,0
DA:84,0
DA:86,0
DA:94,0
LF:15
LH:0
BRDA:91,0,0,0
BRDA:95,1,0,0
BRDA:106,2,0,0
BRF:3
BRH:0
end_of_record
TN:
SF:src/app/catalog/tools/page.tsx
FN:29,ToolsCatalogPage
FN:84,(anonymous_3)
FN:86,(anonymous_4)
FN:87,(anonymous_5)
FN:90,(anonymous_6)
FN:99,(anonymous_7)
FNF:6
FNH:0
FNDA:0,ToolsCatalogPage
FNDA:0,(anonymous_3)
FNDA:0,(anonymous_4)
FNDA:0,(anonymous_5)
FNDA:0,(anonymous_6)
FNDA:0,(anonymous_7)
DA:1,0
DA:2,0
DA:3,0
DA:4,0
DA:5,0
DA:6,0
DA:8,0
DA:29,0
DA:85,0
DA:86,0
DA:87,0
DA:89,0
DA:90,0
DA:92,0
DA:100,0
LF:15
LH:0
BRDA:97,0,0,0
BRDA:101,1,0,0
BRDA:112,2,0,0
BRF:3
BRH:0
end_of_record
TN:
SF:src/app/challenges/page.tsx
FN:26,ChallengesPage
FN:35,(anonymous_3)
FN:43,(anonymous_4)
FN:55,(anonymous_5)
FN:65,(anonymous_6)
FN:143,(anonymous_7)
FN:171,(anonymous_8)
FN:175,(anonymous_9)
FN:233,(anonymous_10)
FN:254,(anonymous_11)
FNF:10
FNH:0
FNDA:0,ChallengesPage
FNDA:0,(anonymous_3)
FNDA:0,(anonymous_4)
FNDA:0,(anonymous_5)
FNDA:0,(anonymous_6)
FNDA:0,(anonymous_7)
FNDA:0,(anonymous_8)
FNDA:0,(anonymous_9)
FNDA:0,(anonymous_10)
FNDA:0,(anonymous_11)
DA:3,0
DA:4,0
DA:5,0
DA:6,0
DA:7,0
DA:8,0
DA:9,0
DA:11,0
DA:26,0
DA:27,0
DA:28,0
DA:29,0
DA:30,0
DA:31,0
DA:32,0
DA:33,0
DA:35,0
DA:36,0
DA:37,0
DA:38,0
DA:39,0
DA:43,0
DA:44,0
DA:45,0
DA:46,0
DA:47,0
DA:49,0
DA:51,0
DA:55,0
DA:56,0
DA:57,0
DA:59,0
DA:61,0
DA:65,0
DA:66,0
DA:67,0
DA:68,0
DA:71,0
DA:72,0
DA:73,0
DA:75,0
DA:77,0
DA:78,0
DA:79,0
DA:80,0
DA:81,0
DA:83,0
DA:86,0
DA:90,0
DA:144,0
DA:145,0
DA:146,0
DA:148,0
DA:172,0
DA:173,0
DA:176,0
DA:177,0
DA:234,0
DA:235,0
DA:236,0
DA:254,0
LF:61
LH:0
BRDA:38,0,0,0
BRDA:59,1,0,0
BRDA:59,1,1,0
BRDA:66,2,0,0
BRDA:78,3,0,0
BRDA:78,3,1,0
BRDA:80,4,0,0
BRDA:80,4,1,0
BRDA:90,5,0,0
BRDA:90,6,0,0
BRDA:90,6,1,0
BRDA:109,7,0,0
BRDA:109,7,1,0
BRDA:110,8,0,0
BRDA:110,8,1,0
BRDA:120,9,0,0
BRDA:120,9,1,0
BRDA:121,10,0,0
BRDA:121,10,1,0
BRDA:138,11,0,0
BRDA:138,11,1,0
BRDA:139,12,0,0
BRDA:139,12,1,0
BRDA:144,13,0,0
BRDA:144,13,1,0
BRDA:145,14,0,0
BRDA:145,14,1,0
BRDA:146,15,0,0
BRDA:146,15,1,0
BRDA:162,16,0,0
BRDA:162,16,1,0
BRDA:162,17,0,0
BRDA:162,17,1,0
BRDA:163,18,0,0
BRDA:163,18,1,0
BRDA:163,19,0,0
BRDA:163,19,1,0
BRDA:166,20,0,0
BRDA:166,20,1,0
BRDA:167,21,0,0
BRDA:167,21,1,0
BRDA:176,22,0,0
BRDA:176,22,1,0
BRDA:180,23,0,0
BRDA:180,23,1,0
BRDA:202,24,0,0
BRDA:202,24,1,0
BRDA:232,25,0,0
BRDA:242,26,0,0
BRDA:242,26,1,0
BRDA:247,27,0,0
BRDA:247,27,1,0
BRDA:247,28,0,0
BRDA:247,28,1,0
BRDA:269,29,0,0
BRDA:288,30,0,0
BRF:56
BRH:0
end_of_record
TN:
SF:src/app/challenges/[id]/page.tsx
FN:46,ChallengeDetailPage
FN:60,(anonymous_3)
FN:69,(anonymous_4)
FN:87,(anonymous_5)
FN:96,(anonymous_6)
FN:99,(anonymous_7)
FN:111,(anonymous_8)
FN:122,(anonymous_9)
FN:142,(anonymous_10)
FN:168,(anonymous_11)
FN:417,(anonymous_12)
FN:468,(anonymous_13)
FNF:12
FNH:0
FNDA:0,ChallengeDetailPage
FNDA:0,(anonymous_3)
FNDA:0,(anonymous_4)
FNDA:0,(anonymous_5)
FNDA:0,(anonymous_6)
FNDA:0,(anonymous_7)
FNDA:0,(anonymous_8)
FNDA:0,(anonymous_9)
FNDA:0,(anonymous_10)
FNDA:0,(anonymous_11)
FNDA:0,(anonymous_12)
FNDA:0,(anonymous_13)
DA:3,0
DA:4,0
DA:5,0
DA:6,0
DA:7,0
DA:8,0
DA:9,0
DA:11,0
DA:46,0
DA:47,0
DA:48,0
DA:49,0
DA:50,0
DA:51,0
DA:52,0
DA:53,0
DA:54,0
DA:55,0
DA:56,0
DA:57,0
DA:58,0
DA:60,0
DA:61,0
DA:62,0
DA:63,0
DA:65,0
DA:69,0
DA:70,0
DA:71,0
DA:72,0
DA:73,0
DA:75,0
DA:76,0
DA:77,0
DA:78,0
DA:79,0
DA:80,0
DA:83,0
DA:87,0
DA:88,0
DA:89,0
DA:90,0
DA:92,0
DA:96,0
DA:97,0
DA:98,0
DA:99,0
DA:100,0
DA:103,0
DA:104,0
DA:107,0
DA:111,0
DA:112,0
DA:113,0
DA:114,0
DA:115,0
DA:116,0
DA:117,0
DA:122,0
DA:123,0
DA:125,0
DA:126,0
DA:127,0
DA:129,0
DA:131,0
DA:132,0
DA:133,0
DA:135,0
DA:138,0
DA:142,0
DA:143,0
DA:144,0
DA:145,0
DA:148,0
DA:150,0
DA:151,0
DA:152,0
DA:153,0
DA:155,0
DA:156,0
DA:157,0
DA:158,0
DA:159,0
DA:161,0
DA:164,0
DA:168,0
DA:169,0
DA:171,0
DA:172,0
DA:173,0
DA:174,0
DA:176,0
DA:177,0
DA:181,0
DA:191,0
DA:211,0
DA:212,0
DA:213,0
DA:418,0
DA:468,0
LF:100
LH:0
BRDA:76,0,0,0
BRDA:76,0,1,0
BRDA:78,1,0,0
BRDA:90,2,0,0
BRDA:90,2,1,0
BRDA:99,3,0,0
BRDA:99,3,1,0
BRDA:100,4,0,0
BRDA:100,4,1,0
BRDA:103,5,0,0
BRDA:113,6,0,0
BRDA:113,7,0,0
BRDA:113,7,1,0
BRDA:115,8,0,0
BRDA:123,9,0,0
BRDA:132,10,0,0
BRDA:132,10,1,0
BRDA:143,11,0,0
BRDA:144,12,0,0
BRDA:144,12,1,0
BRDA:148,13,0,0
BRDA:156,14,0,0
BRDA:156,14,1,0
BRDA:158,15,0,0
BRDA:158,15,1,0
BRDA:169,16,0,0
BRDA:181,17,0,0
BRDA:181,18,0,0
BRDA:181,18,1,0
BRDA:191,19,0,0
BRDA:211,20,0,0
BRDA:211,20,1,0
BRDA:213,21,0,0
BRDA:213,21,1,0
BRDA:222,22,0,0
BRDA:222,22,1,0
BRDA:223,23,0,0
BRDA:223,23,1,0
BRDA:248,24,0,0
BRDA:296,25,0,0
BRDA:309,26,0,0
BRDA:341,27,0,0
BRDA:345,28,0,0
BRDA:356,29,0,0
BRDA:362,30,0,0
BRDA:362,30,1,0
BRDA:367,31,0,0
BRDA:367,31,1,0
BRDA:367,32,0,0
BRDA:367,32,1,0
BRDA:369,33,0,0
BRDA:369,33,1,0
BRDA:386,34,0,0
BRDA:386,34,1,0
BRDA:393,35,0,0
BRDA:393,35,1,0
BRDA:394,36,0,0
BRDA:394,36,1,0
BRDA:402,37,0,0
BRDA:412,38,0,0
BRDA:412,38,1,0
BRDA:413,39,0,0
BRDA:413,39,1,0
BRDA:423,40,0,0
BRDA:423,40,1,0
BRDA:426,41,0,0
BRDA:426,41,1,0
BRDA:429,42,0,0
BRDA:429,42,1,0
BRDA:430,43,0,0
BRDA:430,43,1,0
BRDA:437,44,0,0
BRDA:443,45,0,0
BRDA:454,46,0,0
BRDA:454,46,1,0
BRDA:455,47,0,0
BRDA:455,47,1,0
BRDA:456,48,0,0
BRDA:456,48,1,0
BRDA:457,49,0,0
BRDA:457,49,1,0
BRDA:466,50,0,0
BRDA:473,51,0,0
BRDA:473,51,1,0
BRF:84
BRH:0
end_of_record
TN:
SF:src/app/checkout/page.tsx
FN:8,CheckoutContent
FN:14,(anonymous_2)
FN:15,(anonymous_3)
FN:64,CheckoutPage
FNF:4
FNH:0
FNDA:0,CheckoutContent
FNDA:0,(anonymous_2)
FNDA:0,(anonymous_3)
FNDA:0,CheckoutPage
DA:3,0
DA:4,0
DA:5,0
DA:6,0
DA:9,0
DA:10,0
DA:11,0
DA:12,0
DA:14,0
DA:15,0
DA:16,0
DA:17,0
DA:18,0
DA:21,0
DA:22,0
DA:23,0
DA:26,0
DA:35,0
DA:37,0
DA:38,0
DA:42,0
DA:64,0
LF:22
LH:0
BRDA:12,0,0,0
BRDA:12,0,1,0
BRDA:16,1,0,0
BRDA:21,2,0,0
BRF:4
BRH:0
end_of_record
TN:
SF:src/app/compatibility/page.tsx
FN:203,CompatibilityLayerSelector
FN:216,(anonymous_3)
FN:252,normalizeTypeLabel
FN:258,cleanCompatibilityLine
FN:274,dedupeCompatibilityLine
FN:284,buildCompatibilitySummary
FN:290,relationHint
FN:299,buildNextStep
FN:323,scoreTone
FN:329,actionFromGuidance
FN:330,(anonymous_12)
FN:333,isPlainObject
FN:337,stringList
FN:339,(anonymous_15)
FN:342,SynastryReadable
FN:350,(anonymous_17)
FN:405,(anonymous_18)
FN:417,(anonymous_19)
FN:429,(anonymous_20)
FN:451,(anonymous_21)
FN:489,(anonymous_22)
FN:523,(anonymous_23)
FN:559,(anonymous_24)
FN:595,CompatibilityPage
FN:618,(anonymous_26)
FN:621,(anonymous_27)
FN:624,(anonymous_28)
FN:651,(anonymous_29)
FN:664,(anonymous_30)
FN:670,(anonymous_31)
FN:676,(anonymous_32)
FN:678,(anonymous_33)
FN:681,(anonymous_34)
FN:686,(anonymous_35)
FN:702,(anonymous_36)
FN:702,(anonymous_37)
FN:706,(anonymous_38)
FN:706,(anonymous_39)
FN:710,(anonymous_40)
FN:710,(anonymous_41)
FN:715,(anonymous_42)
FN:715,(anonymous_43)
FN:718,(anonymous_44)
FN:720,(anonymous_45)
FN:722,(anonymous_46)
FN:724,(anonymous_47)
FN:726,(anonymous_48)
FN:730,(anonymous_49)
FN:733,(anonymous_50)
FN:749,(anonymous_51)
FN:777,(anonymous_52)
FN:779,(anonymous_53)
FN:781,(anonymous_54)
FN:783,(anonymous_55)
FN:785,(anonymous_56)
FN:842,(anonymous_57)
FN:998,(anonymous_58)
FN:1003,(anonymous_59)
FN:1027,(anonymous_60)
FN:1038,(anonymous_61)
FN:1055,(anonymous_62)
FN:1058,(anonymous_63)
FN:1070,(anonymous_64)
FN:1073,(anonymous_65)
FN:1085,(anonymous_66)
FN:1090,(anonymous_67)
FN:1113,(anonymous_68)
FN:1144,(anonymous_69)
FN:1249,(anonymous_70)
FN:1271,(anonymous_71)
FN:1358,(anonymous_72)
FN:1381,(anonymous_73)
FN:1402,(anonymous_74)
FN:1424,(anonymous_75)
FN:1447,(anonymous_76)
FN:1494,(anonymous_77)
FN:1505,(anonymous_78)
FNF:77
FNH:0
FNDA:0,CompatibilityLayerSelector
FNDA:0,(anonymous_3)
FNDA:0,normalizeTypeLabel
FNDA:0,cleanCompatibilityLine
FNDA:0,dedupeCompatibilityLine
FNDA:0,buildCompatibilitySummary
FNDA:0,relationHint
FNDA:0,buildNextStep
FNDA:0,scoreTone
FNDA:0,actionFromGuidance
FNDA:0,(anonymous_12)
FNDA:0,isPlainObject
FNDA:0,stringList
FNDA:0,(anonymous_15)
FNDA:0,SynastryReadable
FNDA:0,(anonymous_17)
FNDA:0,(anonymous_18)
FNDA:0,(anonymous_19)
FNDA:0,(anonymous_20)
FNDA:0,(anonymous_21)
FNDA:0,(anonymous_22)
FNDA:0,(anonymous_23)
FNDA:0,(anonymous_24)
FNDA:0,CompatibilityPage
FNDA:0,(anonymous_26)
FNDA:0,(anonymous_27)
FNDA:0,(anonymous_28)
FNDA:0,(anonymous_29)
FNDA:0,(anonymous_30)
FNDA:0,(anonymous_31)
FNDA:0,(anonymous_32)
FNDA:0,(anonymous_33)
FNDA:0,(anonymous_34)
FNDA:0,(anonymous_35)
FNDA:0,(anonymous_36)
FNDA:0,(anonymous_37)
FNDA:0,(anonymous_38)
FNDA:0,(anonymous_39)
FNDA:0,(anonymous_40)
FNDA:0,(anonymous_41)
FNDA:0,(anonymous_42)
FNDA:0,(anonymous_43)
FNDA:0,(anonymous_44)
FNDA:0,(anonymous_45)
FNDA:0,(anonymous_46)
FNDA:0,(anonymous_47)
FNDA:0,(anonymous_48)
FNDA:0,(anonymous_49)
FNDA:0,(anonymous_50)
FNDA:0,(anonymous_51)
FNDA:0,(anonymous_52)
FNDA:0,(anonymous_53)
FNDA:0,(anonymous_54)
FNDA:0,(anonymous_55)
FNDA:0,(anonymous_56)
FNDA:0,(anonymous_57)
FNDA:0,(anonymous_58)
FNDA:0,(anonymous_59)
FNDA:0,(anonymous_60)
FNDA:0,(anonymous_61)
FNDA:0,(anonymous_62)
FNDA:0,(anonymous_63)
FNDA:0,(anonymous_64)
FNDA:0,(anonymous_65)
FNDA:0,(anonymous_66)
FNDA:0,(anonymous_67)
FNDA:0,(anonymous_68)
FNDA:0,(anonymous_69)
FNDA:0,(anonymous_70)
FNDA:0,(anonymous_71)
FNDA:0,(anonymous_72)
FNDA:0,(anonymous_73)
FNDA:0,(anonymous_74)
FNDA:0,(anonymous_75)
FNDA:0,(anonymous_76)
FNDA:0,(anonymous_77)
FNDA:0,(anonymous_78)
DA:3,0
DA:4,0
DA:5,0
DA:6,0
DA:7,0
DA:8,0
DA:9,0
DA:10,0
DA:12,0
DA:71,0
DA:78,0
DA:126,0
DA:181,0
DA:217,0
DA:218,0
DA:219,0
DA:220,0
DA:253,0
DA:254,0
DA:255,0
DA:259,0
DA:260,0
DA:261,0
DA:275,0
DA:276,0
DA:277,0
DA:278,0
DA:279,0
DA:280,0
DA:281,0
DA:285,0
DA:286,0
DA:287,0
DA:291,0
DA:292,0
DA:293,0
DA:294,0
DA:295,0
DA:296,0
DA:300,0
DA:301,0
DA:303,0
DA:304,0
DA:305,0
DA:306,0
DA:308,0
DA:309,0
DA:310,0
DA:311,0
DA:313,0
DA:314,0
DA:315,0
DA:316,0
DA:318,0
DA:319,0
DA:320,0
DA:324,0
DA:325,0
DA:326,0
DA:330,0
DA:334,0
DA:338,0
DA:339,0
DA:343,0
DA:344,0
DA:345,0
DA:346,0
DA:347,0
DA:348,0
DA:350,0
DA:351,0
DA:352,0
DA:353,0
DA:354,0
DA:355,0
DA:356,0
DA:357,0
DA:359,0
DA:364,0
DA:365,0
DA:368,0
DA:371,0
DA:406,0
DA:418,0
DA:430,0
DA:452,0
DA:453,0
DA:454,0
DA:490,0
DA:491,0
DA:492,0
DA:524,0
DA:525,0
DA:526,0
DA:527,0
DA:529,0
DA:534,0
DA:535,0
DA:560,0
DA:561,0
DA:562,0
DA:564,0
DA:569,0
DA:570,0
DA:595,0
DA:596,0
DA:597,0
DA:598,0
DA:599,0
DA:600,0
DA:601,0
DA:603,0
DA:604,0
DA:605,0
DA:606,0
DA:607,0
DA:608,0
DA:609,0
DA:610,0
DA:611,0
DA:612,0
DA:613,0
DA:618,0
DA:619,0
DA:621,0
DA:624,0
DA:625,0
DA:626,0
DA:627,0
DA:628,0
DA:629,0
DA:630,0
DA:631,0
DA:635,0
DA:636,0
DA:638,0
DA:639,0
DA:640,0
DA:641,0
DA:644,0
DA:645,0
DA:646,0
DA:647,0
DA:651,0
DA:652,0
DA:654,0
DA:655,0
DA:656,0
DA:657,0
DA:659,0
DA:660,0
DA:664,0
DA:665,0
DA:666,0
DA:667,0
DA:670,0
DA:671,0
DA:672,0
DA:673,0
DA:674,0
DA:676,0
DA:678,0
DA:680,0
DA:681,0
DA:685,0
DA:686,0
DA:691,0
DA:692,0
DA:694,0
DA:698,0
DA:701,0
DA:702,0
DA:705,0
DA:706,0
DA:709,0
DA:710,0
DA:714,0
DA:715,0
DA:718,0
DA:719,0
DA:720,0
DA:722,0
DA:723,0
DA:724,0
DA:726,0
DA:727,0
DA:728,0
DA:730,0
DA:731,0
DA:732,0
DA:733,0
DA:734,0
DA:735,0
DA:736,0
DA:737,0
DA:740,0
DA:741,0
DA:742,0
DA:743,0
DA:744,0
DA:745,0
DA:746,0
DA:748,0
DA:749,0
DA:751,0
DA:752,0
DA:759,0
DA:762,0
DA:765,0
DA:768,0
DA:771,0
DA:774,0
DA:777,0
DA:778,0
DA:779,0
DA:781,0
DA:782,0
DA:783,0
DA:785,0
DA:786,0
DA:787,0
DA:788,0
DA:791,0
DA:792,0
DA:793,0
DA:795,0
DA:796,0
DA:802,0
DA:803,0
DA:816,0
DA:830,0
DA:831,0
DA:832,0
DA:833,0
DA:834,0
DA:835,0
DA:837,0
DA:843,0
DA:845,0
DA:860,0
DA:861,0
DA:862,0
DA:864,0
DA:868,0
DA:878,0
DA:910,0
DA:911,0
DA:999,0
DA:1004,0
DA:1005,0
DA:1027,0
DA:1038,0
DA:1055,0
DA:1059,0
DA:1070,0
DA:1074,0
DA:1086,0
DA:1090,0
DA:1113,0
DA:1145,0
DA:1250,0
DA:1272,0
DA:1359,0
DA:1381,0
DA:1403,0
DA:1425,0
DA:1448,0
DA:1495,0
DA:1505,0
LF:269
LH:0
BRDA:205,0,0,0
BRDA:217,1,0,0
BRDA:217,1,1,0
BRDA:218,2,0,0
BRDA:218,2,1,0
BRDA:219,3,0,0
BRDA:219,3,1,0
BRDA:228,4,0,0
BRDA:228,4,1,0
BRDA:229,5,0,0
BRDA:229,5,1,0
BRDA:241,6,0,0
BRDA:241,6,1,0
BRDA:242,7,0,0
BRDA:242,7,1,0
BRDA:254,8,0,0
BRDA:259,9,0,0
BRDA:259,9,1,0
BRDA:260,10,0,0
BRDA:277,11,0,0
BRDA:278,12,0,0
BRDA:279,13,0,0
BRDA:280,14,0,0
BRDA:280,15,0,0
BRDA:280,15,1,0
BRDA:280,16,0,0
BRDA:280,16,1,0
BRDA:285,17,0,0
BRDA:286,18,0,0
BRDA:292,19,0,0
BRDA:293,20,0,0
BRDA:293,21,0,0
BRDA:293,21,1,0
BRDA:293,21,2,0
BRDA:294,22,0,0
BRDA:294,23,0,0
BRDA:294,23,1,0
BRDA:294,23,2,0
BRDA:295,24,0,0
BRDA:295,25,0,0
BRDA:295,25,1,0
BRDA:300,26,0,0
BRDA:303,27,0,0
BRDA:304,28,0,0
BRDA:305,29,0,0
BRDA:308,30,0,0
BRDA:309,31,0,0
BRDA:310,32,0,0
BRDA:313,33,0,0
BRDA:314,34,0,0
BRDA:315,35,0,0
BRDA:318,36,0,0
BRDA:319,37,0,0
BRDA:324,38,0,0
BRDA:325,39,0,0
BRDA:330,40,0,0
BRDA:330,40,1,0
BRDA:330,41,0,0
BRDA:330,41,1,0
BRDA:334,42,0,0
BRDA:334,42,1,0
BRDA:334,42,2,0
BRDA:338,43,0,0
BRDA:339,44,0,0
BRDA:339,44,1,0
BRDA:344,45,0,0
BRDA:344,45,1,0
BRDA:345,46,0,0
BRDA:345,46,1,0
BRDA:346,47,0,0
BRDA:346,47,1,0
BRDA:347,48,0,0
BRDA:347,48,1,0
BRDA:348,49,0,0
BRDA:348,49,1,0
BRDA:351,50,0,0
BRDA:359,51,0,0
BRDA:359,51,1,0
BRDA:359,52,0,0
BRDA:359,52,1,0
BRDA:359,52,2,0
BRDA:361,53,0,0
BRDA:361,53,1,0
BRDA:364,54,0,0
BRDA:365,55,0,0
BRDA:365,55,1,0
BRDA:365,56,0,0
BRDA:365,56,1,0
BRDA:368,57,0,0
BRDA:368,57,1,0
BRDA:382,58,0,0
BRDA:382,58,1,0
BRDA:394,59,0,0
BRDA:394,59,1,0
BRDA:399,60,0,0
BRDA:399,60,1,0
BRDA:411,61,0,0
BRDA:411,61,1,0
BRDA:423,62,0,0
BRDA:423,62,1,0
BRDA:438,63,0,0
BRDA:438,63,1,0
BRDA:453,64,0,0
BRDA:459,65,0,0
BRDA:459,65,1,0
BRDA:464,66,0,0
BRDA:464,66,1,0
BRDA:464,67,0,0
BRDA:464,67,1,0
BRDA:476,68,0,0
BRDA:476,68,1,0
BRDA:491,69,0,0
BRDA:496,70,0,0
BRDA:496,70,1,0
BRDA:498,71,0,0
BRDA:498,71,1,0
BRDA:498,72,0,0
BRDA:498,72,1,0
BRDA:510,73,0,0
BRDA:510,73,1,0
BRDA:524,74,0,0
BRDA:529,75,0,0
BRDA:529,75,1,0
BRDA:529,76,0,0
BRDA:529,76,1,0
BRDA:529,76,2,0
BRDA:531,77,0,0
BRDA:531,77,1,0
BRDA:534,78,0,0
BRDA:538,79,0,0
BRDA:538,79,1,0
BRDA:538,80,0,0
BRDA:538,80,1,0
BRDA:546,81,0,0
BRDA:546,81,1,0
BRDA:560,82,0,0
BRDA:564,83,0,0
BRDA:564,83,1,0
BRDA:564,84,0,0
BRDA:564,84,1,0
BRDA:566,85,0,0
BRDA:566,85,1,0
BRDA:569,86,0,0
BRDA:575,87,0,0
BRDA:575,87,1,0
BRDA:575,88,0,0
BRDA:575,88,1,0
BRDA:580,89,0,0
BRDA:580,89,1,0
BRDA:625,90,0,0
BRDA:627,91,0,0
BRDA:627,91,1,0
BRDA:628,92,0,0
BRDA:628,92,1,0
BRDA:632,93,0,0
BRDA:632,93,1,0
BRDA:632,94,0,0
BRDA:632,94,1,0
BRDA:633,95,0,0
BRDA:633,95,1,0
BRDA:633,96,0,0
BRDA:633,96,1,0
BRDA:635,97,0,0
BRDA:635,98,0,0
BRDA:635,98,1,0
BRDA:638,99,0,0
BRDA:638,100,0,0
BRDA:638,100,1,0
BRDA:638,100,2,0
BRDA:638,100,3,0
BRDA:645,101,0,0
BRDA:652,102,0,0
BRDA:652,103,0,0
BRDA:652,103,1,0
BRDA:655,104,0,0
BRDA:659,105,0,0
BRDA:665,106,0,0
BRDA:673,107,0,0
BRDA:673,107,1,0
BRDA:676,108,0,0
BRDA:676,108,1,0
BRDA:676,108,2,0
BRDA:678,109,0,0
BRDA:678,109,1,0
BRDA:678,109,2,0
BRDA:681,110,0,0
BRDA:681,110,1,0
BRDA:683,111,0,0
BRDA:683,111,1,0
BRDA:686,112,0,0
BRDA:686,112,1,0
BRDA:688,113,0,0
BRDA:688,113,1,0
BRDA:692,114,0,0
BRDA:692,114,1,0
BRDA:702,115,0,0
BRDA:702,115,1,0
BRDA:706,116,0,0
BRDA:706,116,1,0
BRDA:710,117,0,0
BRDA:710,117,1,0
BRDA:710,117,2,0
BRDA:719,118,0,0
BRDA:720,119,0,0
BRDA:720,119,1,0
BRDA:723,120,0,0
BRDA:724,121,0,0
BRDA:724,121,1,0
BRDA:727,122,0,0
BRDA:728,123,0,0
BRDA:728,123,1,0
BRDA:728,123,2,0
BRDA:731,124,0,0
BRDA:735,125,0,0
BRDA:742,126,0,0
BRDA:742,126,1,0
BRDA:743,127,0,0
BRDA:743,127,1,0
BRDA:744,128,0,0
BRDA:744,128,1,0
BRDA:745,129,0,0
BRDA:745,129,1,0
BRDA:746,130,0,0
BRDA:746,130,1,0
BRDA:748,131,0,0
BRDA:748,131,1,0
BRDA:748,131,2,0
BRDA:748,132,0,0
BRDA:748,132,1,0
BRDA:751,133,0,0
BRDA:751,133,1,0
BRDA:751,133,2,0
BRDA:753,134,0,0
BRDA:753,134,1,0
BRDA:753,134,2,0
BRDA:753,134,3,0
BRDA:756,135,0,0
BRDA:756,135,1,0
BRDA:760,136,0,0
BRDA:760,136,1,0
BRDA:760,136,2,0
BRDA:763,137,0,0
BRDA:763,137,1,0
BRDA:763,137,2,0
BRDA:766,138,0,0
BRDA:766,138,1,0
BRDA:766,138,2,0
BRDA:769,139,0,0
BRDA:769,139,1,0
BRDA:769,139,2,0
BRDA:772,140,0,0
BRDA:772,140,1,0
BRDA:775,141,0,0
BRDA:775,141,1,0
BRDA:775,142,0,0
BRDA:775,142,1,0
BRDA:777,143,0,0
BRDA:777,143,1,0
BRDA:779,144,0,0
BRDA:779,144,1,0
BRDA:779,144,2,0
BRDA:781,145,0,0
BRDA:781,145,1,0
BRDA:783,146,0,0
BRDA:783,146,1,0
BRDA:783,146,2,0
BRDA:786,147,0,0
BRDA:786,148,0,0
BRDA:786,148,1,0
BRDA:786,148,2,0
BRDA:795,149,0,0
BRDA:795,149,1,0
BRDA:802,150,0,0
BRDA:802,150,1,0
BRDA:804,151,0,0
BRDA:804,151,1,0
BRDA:805,152,0,0
BRDA:805,152,1,0
BRDA:806,153,0,0
BRDA:806,153,1,0
BRDA:807,154,0,0
BRDA:807,154,1,0
BRDA:808,155,0,0
BRDA:808,155,1,0
BRDA:809,156,0,0
BRDA:809,156,1,0
BRDA:810,157,0,0
BRDA:810,157,1,0
BRDA:811,158,0,0
BRDA:811,158,1,0
BRDA:812,159,0,0
BRDA:812,159,1,0
BRDA:813,160,0,0
BRDA:813,160,1,0
BRDA:817,161,0,0
BRDA:817,161,1,0
BRDA:818,162,0,0
BRDA:818,162,1,0
BRDA:819,163,0,0
BRDA:819,163,1,0
BRDA:820,164,0,0
BRDA:820,164,1,0
BRDA:821,165,0,0
BRDA:821,165,1,0
BRDA:822,166,0,0
BRDA:822,166,1,0
BRDA:823,167,0,0
BRDA:823,167,1,0
BRDA:824,168,0,0
BRDA:824,168,1,0
BRDA:825,169,0,0
BRDA:825,169,1,0
BRDA:826,170,0,0
BRDA:826,170,1,0
BRDA:854,171,0,0
BRDA:854,171,1,0
BRDA:854,171,2,0
BRDA:861,172,0,0
BRDA:861,172,1,0
BRDA:862,173,0,0
BRDA:862,173,1,0
BRDA:868,174,0,0
BRDA:868,175,0,0
BRDA:868,175,1,0
BRDA:868,175,2,0
BRDA:878,176,0,0
BRDA:910,177,0,0
BRDA:910,178,0,0
BRDA:910,178,1,0
BRDA:911,179,0,0
BRDA:911,179,1,0
BRDA:969,180,0,0
BRDA:969,180,1,0
BRDA:1011,181,0,0
BRDA:1011,181,1,0
BRDA:1012,182,0,0
BRDA:1012,182,1,0
BRDA:1017,183,0,0
BRDA:1017,183,1,0
BRDA:1030,184,0,0
BRDA:1030,184,1,0
BRDA:1031,185,0,0
BRDA:1031,185,1,0
BRDA:1041,186,0,0
BRDA:1041,186,1,0
BRDA:1042,187,0,0
BRDA:1042,187,1,0
BRDA:1054,188,0,0
BRDA:1054,188,1,0
BRDA:1069,189,0,0
BRDA:1069,189,1,0
BRDA:1082,190,0,0
BRDA:1082,190,1,0
BRDA:1092,191,0,0
BRDA:1092,191,1,0
BRDA:1093,192,0,0
BRDA:1093,192,1,0
BRDA:1094,193,0,0
BRDA:1094,193,1,0
BRDA:1106,194,0,0
BRDA:1106,194,1,0
BRDA:1116,195,0,0
BRDA:1116,195,1,0
BRDA:1116,195,2,0
BRDA:1116,195,3,0
BRDA:1118,196,0,0
BRDA:1118,196,1,0
BRDA:1121,197,0,0
BRDA:1121,197,1,0
BRDA:1132,198,0,0
BRDA:1183,199,0,0
BRDA:1183,199,1,0
BRDA:1183,200,0,0
BRDA:1183,200,1,0
BRDA:1186,201,0,0
BRDA:1186,201,1,0
BRDA:1186,201,2,0
BRDA:1227,202,0,0
BRDA:1227,202,1,0
BRDA:1227,203,0,0
BRDA:1227,203,1,0
BRDA:1234,204,0,0
BRDA:1234,204,1,0
BRDA:1234,205,0,0
BRDA:1234,205,1,0
BRDA:1236,206,0,0
BRDA:1236,206,1,0
BRDA:1258,207,0,0
BRDA:1258,207,1,0
BRDA:1356,208,0,0
BRDA:1356,208,1,0
BRDA:1379,209,0,0
BRDA:1379,209,1,0
BRDA:1389,210,0,0
BRDA:1389,210,1,0
BRDA:1411,211,0,0
BRDA:1411,211,1,0
BRDA:1434,212,0,0
BRDA:1481,213,0,0
BRDA:1481,213,1,0
BRDA:1509,214,0,0
BRDA:1509,214,1,0
BRDA:1519,215,0,0
BRDA:1519,215,1,0
BRDA:1519,216,0,0
BRDA:1519,216,1,0
BRDA:1519,216,2,0
BRF:407
BRH:0
end_of_record
TN:
SF:src/app/compatibility/birthdates/page.tsx
FN:17,readinessLabel
FN:23,PersonCard
FN:55,(anonymous_4)
FN:65,(anonymous_5)
FN:76,(anonymous_6)
FN:84,(anonymous_7)
FN:100,(anonymous_8)
FN:101,(anonymous_9)
FN:109,PairReadiness
FN:135,(anonymous_11)
FN:165,CompatibilityBirthdatesPage
FN:186,(anonymous_13)
FN:192,(anonymous_14)
FNF:13
FNH:0
FNDA:0,readinessLabel
FNDA:0,PersonCard
FNDA:0,(anonymous_4)
FNDA:0,(anonymous_5)
FNDA:0,(anonymous_6)
FNDA:0,(anonymous_7)
FNDA:0,(anonymous_8)
FNDA:0,(anonymous_9)
FNDA:0,PairReadiness
FNDA:0,(anonymous_11)
FNDA:0,CompatibilityBirthdatesPage
FNDA:0,(anonymous_13)
FNDA:0,(anonymous_14)
DA:3,0
DA:4,0
DA:5,0
DA:6,0
DA:7,0
DA:18,0
DA:19,0
DA:20,0
DA:55,0
DA:65,0
DA:76,0
DA:85,0
DA:100,0
DA:101,0
DA:118,0
DA:136,0
DA:165,0
DA:166,0
DA:167,0
DA:174,0
DA:181,0
DA:182,0
DA:184,0
DA:186,0
DA:187,0
DA:188,0
DA:189,0
DA:192,0
DA:193,0
DA:194,0
DA:195,0
DA:196,0
DA:199,0
DA:200,0
DA:202,0
LF:35
LH:0
BRDA:18,0,0,0
BRDA:18,1,0,0
BRDA:18,1,1,0
BRDA:19,2,0,0
BRDA:19,3,0,0
BRDA:19,3,1,0
BRDA:88,4,0,0
BRDA:88,4,1,0
BRDA:101,5,0,0
BRDA:101,5,1,0
BRDA:101,5,2,0
BRDA:119,6,0,0
BRDA:119,6,1,0
BRDA:120,7,0,0
BRDA:120,7,1,0
BRDA:142,8,0,0
BRDA:142,8,1,0
BRDA:143,9,0,0
BRDA:143,9,1,0
BRDA:153,10,0,0
BRDA:153,10,1,0
BRDA:184,11,0,0
BRDA:184,11,1,0
BRDA:187,12,0,0
BRDA:187,12,1,0
BRDA:187,13,0,0
BRDA:187,13,1,0
BRDA:194,14,0,0
BRDA:203,15,0,0
BRDA:203,15,1,0
BRDA:203,16,0,0
BRDA:203,16,1,0
BRDA:203,17,0,0
BRDA:203,17,1,0
BRDA:203,18,0,0
BRDA:203,18,1,0
BRDA:338,19,0,0
BRDA:338,19,1,0
BRDA:339,20,0,0
BRDA:339,20,1,0
BRDA:339,21,0,0
BRDA:339,21,1,0
BRDA:341,22,0,0
BRDA:341,22,1,0
BRDA:341,23,0,0
BRDA:341,23,1,0
BRDA:357,24,0,0
BRDA:357,24,1,0
BRF:48
BRH:0
end_of_record
TN:
SF:src/app/compatibility/birthdates/result/page.tsx
FN:38,zodiacFromDate
FN:58,scoreLabel
FN:65,scoreTone
FN:71,nextStepByScore
FN:78,formatDate
FN:104,CompatibilityBirthdatesResultContent
FN:118,(anonymous_8)
FN:125,(anonymous_9)
FN:140,(anonymous_10)
FN:144,(anonymous_11)
FN:172,(anonymous_12)
FN:186,(anonymous_13)
FN:202,(anonymous_14)
FN:455,(anonymous_15)
FN:468,CompatibilityBirthdatesResultPage
FNF:15
FNH:0
FNDA:0,zodiacFromDate
FNDA:0,scoreLabel
FNDA:0,scoreTone
FNDA:0,nextStepByScore
FNDA:0,formatDate
FNDA:0,CompatibilityBirthdatesResultContent
FNDA:0,(anonymous_8)
FNDA:0,(anonymous_9)
FNDA:0,(anonymous_10)
FNDA:0,(anonymous_11)
FNDA:0,(anonymous_12)
FNDA:0,(anonymous_13)
FNDA:0,(anonymous_14)
FNDA:0,(anonymous_15)
FNDA:0,CompatibilityBirthdatesResultPage
DA:3,0
DA:4,0
DA:5,0
DA:6,0
DA:7,0
DA:39,0
DA:40,0
DA:41,0
DA:42,0
DA:43,0
DA:44,0
DA:45,0
DA:46,0
DA:47,0
DA:48,0
DA:49,0
DA:50,0
DA:51,0
DA:52,0
DA:53,0
DA:54,0
DA:55,0
DA:59,0
DA:60,0
DA:61,0
DA:62,0
DA:66,0
DA:67,0
DA:68,0
DA:72,0
DA:73,0
DA:74,0
DA:75,0
DA:79,0
DA:86,0
DA:95,0
DA:105,0
DA:106,0
DA:107,0
DA:108,0
DA:109,0
DA:110,0
DA:111,0
DA:113,0
DA:114,0
DA:115,0
DA:116,0
DA:118,0
DA:119,0
DA:120,0
DA:121,0
DA:122,0
DA:125,0
DA:126,0
DA:127,0
DA:128,0
DA:129,0
DA:130,0
DA:133,0
DA:137,0
DA:138,0
DA:140,0
DA:142,0
DA:144,0
DA:147,0
DA:162,0
DA:163,0
DA:165,0
DA:169,0
DA:172,0
DA:173,0
DA:174,0
DA:175,0
DA:177,0
DA:178,0
DA:180,0
DA:181,0
DA:183,0
DA:186,0
DA:187,0
DA:188,0
DA:189,0
DA:190,0
DA:196,0
DA:198,0
DA:200,0
DA:201,0
DA:202,0
DA:205,0
DA:213,0
DA:238,0
DA:239,0
DA:241,0
DA:246,0
DA:250,0
DA:456,0
DA:468,0
LF:97
LH:0
BRDA:40,0,0,0
BRDA:43,1,0,0
BRDA:43,2,0,0
BRDA:43,2,1,0
BRDA:43,2,2,0
BRDA:43,2,3,0
BRDA:44,3,0,0
BRDA:44,4,0,0
BRDA:44,4,1,0
BRDA:44,4,2,0
BRDA:44,4,3,0
BRDA:45,5,0,0
BRDA:45,6,0,0
BRDA:45,6,1,0
BRDA:45,6,2,0
BRDA:45,6,3,0
BRDA:46,7,0,0
BRDA:46,8,0,0
BRDA:46,8,1,0
BRDA:46,8,2,0
BRDA:46,8,3,0
BRDA:47,9,0,0
BRDA:47,10,0,0
BRDA:47,10,1,0
BRDA:47,10,2,0
BRDA:47,10,3,0
BRDA:48,11,0,0
BRDA:48,12,0,0
BRDA:48,12,1,0
BRDA:48,12,2,0
BRDA:48,12,3,0
BRDA:49,13,0,0
BRDA:49,14,0,0
BRDA:49,14,1,0
BRDA:49,14,2,0
[...]
BRDA:84,14,0,0
BRDA:84,14,1,0
BRDA:85,15,0,0
BRDA:85,15,1,0
BRDA:86,16,0,0
BRDA:86,16,1,0
BRDA:87,17,0,0
BRDA:87,17,1,0
BRDA:88,18,0,0
BRDA:88,18,1,0
BRDA:89,19,0,0
BRDA:89,19,1,0
BRDA:90,20,0,0
BRDA:90,20,1,0
BRDA:91,21,0,0
BRDA:91,21,1,0
BRDA:99,22,0,0
BRDA:101,23,0,0
BRDA:108,24,0,0
BRDA:120,25,0,0
BRDA:122,26,0,0
BRDA:129,27,0,0
BRDA:136,28,0,0
BRDA:143,29,0,0
BRF:44
BRH:0
end_of_record
TN:
SF:src/lib/meaningRuntime.ts
FN:17,isBrowser
FN:21,readOutbox
FN:33,writeOutbox
FN:38,enqueueMeaningEvent
FN:61,flushMeaningOutbox
FN:77,getCachedMeaningRings
FN:90,refreshMeaningRings
FNF:7
FNH:0
FNDA:0,isBrowser
FNDA:0,readOutbox
FNDA:0,writeOutbox
FNDA:0,enqueueMeaningEvent
FNDA:0,flushMeaningOutbox
FNDA:0,getCachedMeaningRings
FNDA:0,refreshMeaningRings
DA:1,0
DA:4,0
DA:5,0
DA:6,0
DA:7,0
DA:18,0
DA:22,0
DA:23,0
DA:24,0
DA:25,0
DA:26,0
DA:27,0
DA:29,0
DA:34,0
DA:35,0
DA:38,0
DA:45,0
DA:46,0
DA:55,0
DA:56,0
DA:57,0
DA:58,0
DA:61,0
DA:62,0
DA:63,0
DA:64,0
DA:65,0
DA:66,0
DA:67,0
DA:68,0
DA:69,0
DA:70,0
DA:72,0
DA:77,0
DA:78,0
DA:79,0
DA:80,0
DA:81,0
DA:82,0
DA:83,0
DA:84,0
DA:86,0
DA:90,0
DA:91,0
DA:92,0
DA:93,0
DA:97,0
DA:99,0
LF:48
LH:0
BRDA:22,0,0,0
BRDA:25,1,0,0
BRDA:27,2,0,0
BRDA:27,2,1,0
BRDA:34,3,0,0
BRDA:49,4,0,0
BRDA:49,4,1,0
BRDA:50,5,0,0
BRDA:50,5,1,0
BRDA:51,6,0,0
BRDA:51,6,1,0
BRDA:62,7,0,0
BRDA:64,8,0,0
BRDA:78,9,0,0
BRDA:81,10,0,0
BRDA:83,11,0,0
BRDA:83,12,0,0
BRDA:83,12,1,0
BRDA:90,13,0,0
BRDA:92,14,0,0
BRF:20
BRH:0
end_of_record
TN:
SF:src/lib/natalChartPositions.ts
FN:4,lookupNatalBodyPosition
FN:11,(anonymous_2)
FNF:2
FNH:0
FNDA:0,lookupNatalBodyPosition
FNDA:0,(anonymous_2)
DA:4,0
DA:8,0
DA:9,0
DA:10,0
DA:11,0
DA:12,0
LF:6
LH:0
BRDA:8,0,0,0
BRDA:9,1,0,0
BRDA:12,2,0,0
BRDA:12,2,1,0
BRF:4
BRH:0
end_of_record
TN:
SF:src/lib/personal-lens.ts
FN:74,computePersonalLens
FN:86,(anonymous_5)
FN:90,(anonymous_6)
FN:92,(anonymous_7)
FN:126,(anonymous_8)
FN:127,(anonymous_9)
FN:128,(anonymous_10)
FN:129,(anonymous_11)
FN:140,(anonymous_12)
FN:141,(anonymous_13)
FN:142,(anonymous_14)
FN:171,(anonymous_15)
FN:194,normalizeModulator
FN:201,lensDataToChips
FN:274,(anonymous_18)
FN:284,(anonymous_19)
FN:298,getThemeDescription
FN:314,getThemeManifestations
FN:343,getThemeAction
FN:353,getAxisDescription
FN:365,getAxisManifestations
FN:399,getStressDescription
FN:409,getStressManifestations
FN:434,generateSignature
FN:456,(anonymous_28)
FN:457,(anonymous_29)
FNF:26
FNH:0
FNDA:0,computePersonalLens
FNDA:0,(anonymous_5)
FNDA:0,(anonymous_6)
FNDA:0,(anonymous_7)
FNDA:0,(anonymous_8)
FNDA:0,(anonymous_9)
FNDA:0,(anonymous_10)
FNDA:0,(anonymous_11)
FNDA:0,(anonymous_12)
FNDA:0,(anonymous_13)
FNDA:0,(anonymous_14)
FNDA:0,(anonymous_15)
FNDA:0,normalizeModulator
FNDA:0,lensDataToChips
FNDA:0,(anonymous_18)
FNDA:0,(anonymous_19)
FNDA:0,getThemeDescription
FNDA:0,getThemeManifestations
FNDA:0,getThemeAction
FNDA:0,getAxisDescription
FNDA:0,getAxisManifestations
FNDA:0,getStressDescription
FNDA:0,getStressManifestations
FNDA:0,generateSignature
FNDA:0,(anonymous_28)
FNDA:0,(anonymous_29)
DA:41,0
DA:51,0
DA:61,0
DA:74,0
DA:80,0
DA:81,0
DA:85,0
DA:86,0
DA:90,0
DA:92,0
DA:100,0
DA:101,0
DA:103,0
DA:104,0
DA:105,0
DA:106,0
DA:107,0
DA:108,0
DA:109,0
DA:110,0
DA:111,0
DA:112,0
DA:113,0
DA:114,0
DA:115,0
DA:120,0
DA:121,0
DA:125,0
DA:126,0
DA:127,0
DA:128,0
DA:129,0
DA:131,0
DA:139,0
DA:140,0
DA:141,0
DA:142,0
DA:144,0
DA:145,0
DA:147,0
DA:148,0
DA:150,0
DA:151,0
DA:153,0
DA:154,0
DA:156,0
DA:157,0
DA:162,0
DA:163,0
DA:171,0
DA:173,0
DA:174,0
DA:181,0
DA:195,0
DA:201,0
DA:205,0
DA:208,0
DA:209,0
DA:210,0
DA:229,0
DA:230,0
DA:231,0
DA:232,0
DA:234,0
DA:253,0
DA:254,0
DA:256,0
DA:274,0
DA:275,0
DA:284,0
DA:285,0
DA:293,0
DA:299,0
DA:300,0
DA:302,0
DA:303,0
DA:305,0
DA:306,0
DA:308,0
DA:309,0
DA:311,0
DA:315,0
DA:316,0
DA:322,0
DA:323,0
DA:329,0
DA:330,0
DA:336,0
DA:344,0
DA:345,0
DA:347,0
DA:348,0
DA:350,0
DA:354,0
DA:355,0
DA:357,0
DA:358,0
DA:359,0
DA:360,0
DA:362,0
DA:366,0
DA:367,0
DA:379,0
DA:380,0
DA:392,0
DA:400,0
DA:401,0
DA:403,0
DA:404,0
DA:406,0
DA:410,0
DA:411,0
DA:417,0
DA:418,0
DA:424,0
DA:434,0
DA:440,0
DA:443,0
DA:444,0
DA:446,0
DA:447,0
DA:449,0
DA:450,0
DA:454,0
DA:455,0
DA:456,0
DA:457,0
DA:459,0
DA:460,0
DA:461,0
DA:463,0
DA:464,0
DA:466,0
DA:472,0
DA:473,0
DA:476,0
DA:477,0
DA:480,0
DA:481,0
DA:485,0
DA:486,0
DA:488,0
DA:489,0
DA:492,0
LF:144
LH:0
BRDA:80,0,0,0
BRDA:80,1,0,0
BRDA:80,1,1,0
BRDA:80,1,2,0
BRDA:95,2,0,0
BRDA:95,2,1,0
BRDA:103,3,0,0
BRDA:104,4,0,0
BRDA:104,4,1,0
BRDA:104,5,0,0
BRDA:104,5,1,0
BRDA:106,6,0,0
BRDA:106,6,1,0
BRDA:106,7,0,0
BRDA:106,7,1,0
BRDA:108,8,0,0
BRDA:108,8,1,0
BRDA:108,9,0,0
BRDA:108,9,1,0
BRDA:110,10,0,0
BRDA:110,10,1,0
BRDA:110,11,0,0
BRDA:110,11,1,0
BRDA:112,12,0,0
BRDA:112,12,1,0
BRDA:112,13,0,0
BRDA:112,13,1,0
BRDA:114,14,0,0
BRDA:114,15,0,0
BRDA:114,15,1,0
BRDA:120,16,0,0
BRDA:125,17,0,0
BRDA:125,17,1,0
BRDA:132,18,0,0
BRDA:132,18,1,0
BRDA:133,19,0,0
BRDA:133,19,1,0
BRDA:134,20,0,0
BRDA:134,20,1,0
BRDA:135,21,0,0
BRDA:135,21,1,0
BRDA:144,22,0,0
BRDA:144,23,0,0
BRDA:144,23,1,0
BRDA:147,24,0,0
BRDA:147,25,0,0
BRDA:147,25,1,0
BRDA:150,26,0,0
BRDA:150,27,0,0
BRDA:150,27,1,0
BRDA:153,28,0,0
BRDA:153,29,0,0
BRDA:153,29,1,0
BRDA:156,30,0,0
BRDA:162,31,0,0
BRDA:163,32,0,0
BRDA:163,32,1,0
BRDA:165,33,0,0
BRDA:165,33,1,0
BRDA:173,34,0,0
BRDA:174,35,0,0
BRDA:174,35,1,0
BRDA:176,36,0,0
BRDA:176,36,1,0
BRDA:203,37,0,0
BRDA:208,38,0,0
BRDA:229,39,0,0
BRDA:231,40,0,0
BRDA:231,40,1,0
BRDA:232,41,0,0
BRDA:232,41,1,0
BRDA:254,42,0,0
BRDA:254,42,1,0
BRDA:254,43,0,0
BRDA:254,43,1,0
BRDA:274,44,0,0
BRDA:274,45,0,0
BRDA:274,45,1,0
BRDA:274,46,0,0
BRDA:274,46,1,0
BRDA:284,47,0,0
BRDA:284,48,0,0
BRDA:284,48,1,0
BRDA:284,49,0,0
BRDA:284,49,1,0
BRDA:299,50,0,0
BRDA:299,51,0,0
BRDA:299,51,1,0
BRDA:302,52,0,0
BRDA:302,53,0,0
BRDA:302,53,1,0
BRDA:305,54,0,0
BRDA:305,55,0,0
BRDA:305,55,1,0
BRDA:308,56,0,0
BRDA:308,57,0,0
BRDA:308,57,1,0
BRDA:315,58,0,0
BRDA:315,59,0,0
BRDA:315,59,1,0
BRDA:322,60,0,0
BRDA:329,61,0,0
BRDA:344,62,0,0
BRDA:347,63,0,0
BRDA:354,64,0,0
BRDA:354,64,1,0
BRDA:355,65,0,0
BRDA:355,65,1,0
BRDA:355,66,0,0
BRDA:355,66,1,0
BRDA:357,67,0,0
BRDA:357,67,1,0
BRDA:359,68,0,0
BRDA:366,69,0,0
BRDA:367,70,0,0
BRDA:367,70,1,0
BRDA:379,71,0,0
BRDA:380,72,0,0
BRDA:380,72,1,0
BRDA:400,73,0,0
BRDA:403,74,0,0
BRDA:410,75,0,0
BRDA:417,76,0,0
BRDA:443,77,0,0
BRDA:446,78,0,0
BRDA:449,79,0,0
BRDA:454,80,0,0
BRDA:454,81,0,0
BRDA:454,81,1,0
BRDA:459,82,0,0
BRDA:459,83,0,0
BRDA:459,83,1,0
BRDA:460,84,0,0
BRDA:460,84,1,0
BRDA:461,85,0,0
BRDA:461,85,1,0
BRDA:461,86,0,0
BRDA:461,86,1,0
BRDA:463,87,0,0
BRDA:463,87,1,0
BRDA:472,88,0,0
BRDA:476,89,0,0
BRDA:480,90,0,0
BRDA:488,91,0,0
BRF:144
BRH:0
end_of_record
TN:
SF:src/lib/questionsHub.ts
FN:11,findLaneSuggestion
FN:15,(anonymous_4)
FN:18,buildAdaptiveQuestionSurface
FNF:3
FNH:0
FNDA:0,findLaneSuggestion
FNDA:0,(anonymous_4)
FNDA:0,buildAdaptiveQuestionSurface
DA:11,0
DA:15,0
DA:18,0
DA:23,0
DA:24,0
DA:25,0
DA:28,0
DA:29,0
DA:30,0
DA:31,0
DA:33,0
DA:34,0
DA:37,0
DA:38,0
DA:41,0
DA:42,0
DA:45,0
DA:46,0
DA:47,0
DA:48,0
DA:50,0
DA:53,0
DA:54,0
DA:55,0
DA:56,0
DA:58,0
DA:61,0
LF:27
LH:0
BRDA:15,0,0,0
BRDA:15,0,1,0
BRDA:24,1,0,0
BRDA:33,2,0,0
BRDA:33,3,0,0
BRDA:33,3,1,0
BRDA:37,4,0,0
BRDA:37,5,0,0
BRDA:37,5,1,0
BRDA:41,6,0,0
BRDA:41,7,0,0
BRDA:41,7,1,0
BRDA:45,8,0,0
BRDA:47,9,0,0
BRDA:47,10,0,0
BRDA:47,10,1,0
BRDA:53,11,0,0
BRDA:55,12,0,0
BRDA:55,13,0,0
BRDA:55,13,1,0
BRF:20
BRH:0
end_of_record
TN:
SF:src/lib/rewardRings.ts
FN:153,(anonymous_9)
FN:161,earnedIdsFromApi
FN:166,tierEarned
FN:172,getRewardRingStates
FN:176,(anonymous_13)
FN:178,(anonymous_14)
FN:179,(anonymous_15)
FN:186,getNextRewardRing
FN:190,(anonymous_17)
FN:193,clampEvolution
FN:198,getHighestEarnedRingTier
FN:203,(anonymous_20)
FN:209,getTierProgressVisual
FN:274,getProgressToNextRingIndexOnly
FN:276,(anonymous_23)
FN:320,getProgressToNextRing
FN:328,(anonymous_25)
FN:329,(anonymous_26)
FN:344,(anonymous_27)
FNF:19
FNH:0
FNDA:0,(anonymous_9)
FNDA:0,earnedIdsFromApi
FNDA:0,tierEarned
FNDA:0,getRewardRingStates
FNDA:0,(anonymous_13)
FNDA:0,(anonymous_14)
FNDA:0,(anonymous_15)
FNDA:0,getNextRewardRing
FNDA:0,(anonymous_17)
FNDA:0,clampEvolution
FNDA:0,getHighestEarnedRingTier
FNDA:0,(anonymous_20)
FNDA:0,getTierProgressVisual
FNDA:0,getProgressToNextRingIndexOnly
FNDA:0,(anonymous_23)
FNDA:0,getProgressToNextRing
FNDA:0,(anonymous_25)
FNDA:0,(anonymous_26)
FNDA:0,(anonymous_27)
DA:6,0
DA:85,0
DA:87,0
DA:153,0
DA:162,0
DA:163,0
DA:167,0
DA:168,0
DA:169,0
DA:172,0
DA:176,0
DA:177,0
DA:178,0
DA:179,0
DA:186,0
DA:190,0
DA:194,0
DA:198,0
DA:202,0
DA:203,0
DA:204,0
DA:205,0
DA:209,0
DA:215,0
DA:216,0
DA:260,0
DA:275,0
DA:276,0
DA:277,0
DA:278,0
DA:279,0
DA:281,0
DA:282,0
DA:283,0
DA:284,0
DA:285,0
DA:286,0
DA:287,0
DA:289,0
DA:292,0
DA:293,0
DA:303,0
DA:304,0
DA:305,0
DA:320,0
DA:321,0
DA:322,0
DA:323,0
DA:326,0
DA:327,0
DA:328,0
DA:329,0
DA:331,0
DA:332,0
DA:333,0
DA:343,0
DA:344,0
DA:345,0
DA:346,0
DA:347,0
DA:348,0
DA:349,0
DA:350,0
LF:63
LH:0
BRDA:162,0,0,0
BRDA:167,1,0,0
BRDA:177,2,0,0
BRDA:177,2,1,0
BRDA:182,3,0,0
BRDA:182,3,1,0
BRDA:190,4,0,0
BRDA:190,4,1,0
BRDA:204,5,0,0
BRDA:283,6,0,0
BRDA:292,7,0,0
BRDA:321,8,0,0
BRDA:321,8,1,0
BRDA:322,9,0,0
BRDA:322,10,0,0
BRDA:322,10,1,0
BRDA:331,11,0,0
BRDA:345,12,0,0
BRDA:345,12,1,0
BRF:19
BRH:0
end_of_record
TN:
SF:src/lib/rewardsProgress.ts
FN:49,clampPct
FN:53,getStreakProgress
FN:94,getEvolutionProgress
FNF:3
FNH:0
FNDA:0,clampPct
FNDA:0,getStreakProgress
FNDA:0,getEvolutionProgress
DA:13,0
DA:22,0
DA:50,0
DA:53,0
DA:54,0
DA:55,0
DA:56,0
DA:57,0
DA:58,0
DA:60,0
DA:61,0
DA:62,0
DA:63,0
DA:64,0
DA:66,0
DA:67,0
DA:71,0
DA:72,0
DA:81,0
DA:82,0
DA:83,0
DA:85,0
DA:94,0
DA:95,0
DA:96,0
DA:97,0
DA:98,0
DA:100,0
DA:101,0
DA:102,0
DA:103,0
DA:104,0
DA:106,0
DA:107,0
DA:111,0
DA:112,0
DA:113,0
DA:114,0
DA:116,0
DA:117,0
DA:118,0
DA:120,0
LF:42
LH:0
BRDA:62,0,0,0
BRDA:62,0,1,0
BRDA:64,1,0,0
BRDA:64,1,1,0
BRDA:71,2,0,0
BRDA:81,3,0,0
BRDA:81,3,1,0
BRDA:102,4,0,0
BRDA:102,4,1,0
BRDA:104,5,0,0
BRDA:104,5,1,0
BRDA:112,6,0,0
BRDA:112,6,1,0
BRDA:114,7,0,0
BRDA:114,7,1,0
BRF:15
BRH:0
end_of_record
TN:
SF:src/lib/sentry.ts
FN:45,(anonymous_5)
FN:52,(anonymous_6)
FN:59,(anonymous_7)
FN:63,(anonymous_8)
FNF:4
FNH:0
FNDA:0,(anonymous_5)
FNDA:0,(anonymous_6)
FNDA:0,(anonymous_7)
FNDA:0,(anonymous_8)
DA:45,0
DA:46,0
DA:47,0
DA:52,0
DA:53,0
DA:54,0
DA:59,0
DA:63,0
LF:8
LH:0
BRDA:46,0,0,0
BRDA:52,1,0,0
BRDA:53,2,0,0
BRF:3
BRH:0
end_of_record
TN:
SF:src/lib/thematicReports.ts
FN:53,(anonymous_4)
FN:56,getThematicReportMeta
FNF:2
FNH:0
FNDA:0,(anonymous_4)
FNDA:0,getThematicReportMeta
DA:13,0
DA:52,0
DA:53,0
DA:56,0
DA:57,0
DA:58,0
DA:60,0
LF:7
LH:0
BRDA:57,0,0,0
BRF:1
BRH:0
end_of_record
TN:
SF:src/lib/time-of-day.ts
FN:34,getTimeOfDayByHour
FN:54,getDayState
FN:76,saveDayState
FN:89,initDayState
FN:116,getDashboardState
FN:196,markMorningActionDone
FN:222,markEveningReflectionDone
FN:249,isDayCompleted
FN:267,getTimeOfDay
FN:274,isFirstVisitToday
FN:287,getTimeContext
FN:300,shouldShowMorningMode
FNF:12
FNH:0
FNDA:0,getTimeOfDayByHour
FNDA:0,getDayState
FNDA:0,saveDayState
FNDA:0,initDayState
FNDA:0,getDashboardState
FNDA:0,markMorningActionDone
FNDA:0,markEveningReflectionDone
FNDA:0,isDayCompleted
FNDA:0,getTimeOfDay
FNDA:0,isFirstVisitToday
FNDA:0,getTimeContext
FNDA:0,shouldShowMorningMode
DA:34,0
DA:35,0
DA:37,0
DA:38,0
DA:41,0
DA:42,0
DA:45,0
DA:54,0
DA:55,0
DA:57,0
DA:58,0
DA:59,0
DA:61,0
DA:63,0
DA:64,0
DA:66,0
DA:76,0
DA:77,0
DA:79,0
DA:80,0
DA:89,0
DA:90,0
DA:91,0
DA:93,0
DA:116,0
DA:117,0
DA:119,0
DA:122,0
DA:123,0
DA:126,0
DA:127,0
DA:128,0
DA:132,0
DA:133,0
DA:137,0
DA:138,0
DA:140,0
DA:142,0
DA:143,0
DA:144,0
DA:146,0
DA:149,0
DA:150,0
DA:151,0
DA:153,0
DA:157,0
DA:158,0
DA:159,0
DA:160,0
DA:161,0
DA:165,0
DA:166,0
DA:167,0
DA:168,0
DA:169,0
DA:170,0
DA:172,0
DA:175,0
DA:176,0
DA:177,0
DA:179,0
DA:183,0
DA:184,0
DA:185,0
DA:186,0
DA:188,0
DA:196,0
DA:197,0
DA:199,0
DA:200,0
DA:202,0
DA:203,0
DA:205,0
DA:206,0
DA:207,0
DA:208,0
DA:209,0
DA:212,0
DA:213,0
DA:214,0
DA:222,0
DA:223,0
DA:225,0
DA:226,0
DA:228,0
DA:229,0
DA:231,0
DA:232,0
DA:233,0
DA:234,0
DA:235,0
DA:238,0
DA:239,0
DA:240,0
DA:249,0
DA:250,0
DA:252,0
DA:253,0
DA:255,0
DA:256,0
DA:258,0
DA:267,0
DA:268,0
DA:274,0
DA:275,0
DA:277,0
DA:278,0
DA:280,0
DA:281,0
DA:287,0
DA:291,0
DA:300,0
DA:301,0
LF:113
LH:0
BRDA:37,0,0,0
BRDA:37,1,0,0
BRDA:37,1,1,0
BRDA:41,2,0,0
BRDA:41,3,0,0
BRDA:41,3,1,0
BRDA:55,4,0,0
BRDA:61,5,0,0
BRDA:77,6,0,0
BRDA:117,7,0,0
BRDA:126,8,0,0
BRDA:126,9,0,0
BRDA:126,9,1,0
BRDA:132,10,0,0
BRDA:137,11,0,0
BRDA:140,12,0,0
BRDA:142,13,0,0
BRDA:149,14,0,0
BRDA:157,15,0,0
BRDA:165,16,0,0
BRDA:165,17,0,0
BRDA:165,17,1,0
BRDA:167,18,0,0
BRDA:168,19,0,0
BRDA:175,20,0,0
BRDA:184,21,0,0
BRDA:197,22,0,0
BRDA:200,23,0,0
BRDA:203,24,0,0
BRDA:223,25,0,0
BRDA:226,26,0,0
BRDA:229,27,0,0
BRDA:250,28,0,0
BRDA:253,29,0,0
BRDA:256,30,0,0
BRDA:275,31,0,0
BRDA:278,32,0,0
BRDA:281,33,0,0
BRDA:281,33,1,0
BRF:39
BRH:0
end_of_record
TN:
SF:src/lib/todayNarrativeApi.ts
FN:17,postTodayNarrative
FN:33,narrativeString
FN:37,narrativeStringArray
FN:39,(anonymous_9)
FNF:4
FNH:1
FNDA:1,postTodayNarrative
FNDA:0,narrativeString
FNDA:0,narrativeStringArray
FNDA:0,(anonymous_9)
DA:1,1
DA:7,1
DA:8,1
DA:17,1
DA:23,1
DA:33,0
DA:34,0
DA:37,0
DA:38,0
DA:39,0
DA:40,0
LF:11
LH:5
BRDA:26,0,0,1
BRDA:26,0,1,1
BRDA:27,1,0,1
BRDA:27,1,1,1
BRDA:34,2,0,0
BRDA:34,2,1,0
BRDA:38,3,0,0
BRDA:39,4,0,0
BRDA:39,4,1,0
BRDA:40,5,0,0
BRDA:40,5,1,0
BRF:11
BRH:4
end_of_record
TN:
SF:src/lib/useAuth.ts
FN:41,clearAuthCache
FN:50,clearAuthStorageArtifacts
FN:57,readTimestamp
FN:65,persistValidatedAt
FN:70,persistSnapshot
FN:77,loadStoredSnapshot
FN:92,resolveAuthSnapshot
FN:109,(anonymous_8)
FN:118,(anonymous_9)
FN:136,(anonymous_10)
FN:143,useAuth
FN:154,(anonymous_12)
FN:220,(anonymous_13)
FN:224,(anonymous_14)
FN:231,(anonymous_15)
FN:239,(anonymous_16)
FN:246,(anonymous_17)
FNF:17
FNH:0
FNDA:0,clearAuthCache
FNDA:0,clearAuthStorageArtifacts
FNDA:0,readTimestamp
FNDA:0,persistValidatedAt
FNDA:0,persistSnapshot
FNDA:0,loadStoredSnapshot
FNDA:0,resolveAuthSnapshot
FNDA:0,(anonymous_8)
FNDA:0,(anonymous_9)
FNDA:0,(anonymous_10)
FNDA:0,useAuth
FNDA:0,(anonymous_12)
FNDA:0,(anonymous_13)
FNDA:0,(anonymous_14)
FNDA:0,(anonymous_15)
FNDA:0,(anonymous_16)
FNDA:0,(anonymous_17)
DA:1,0
DA:2,0
DA:5,0
DA:6,0
DA:7,0
DA:8,0
DA:9,0
DA:34,0
DA:42,0
DA:51,0
DA:52,0
DA:53,0
DA:54,0
DA:58,0
DA:59,0
DA:60,0
DA:61,0
DA:62,0
DA:66,0
DA:67,0
DA:71,0
DA:72,0
DA:73,0
DA:74,0
DA:78,0
DA:79,0
DA:80,0
DA:81,0
DA:82,0
DA:83,0
DA:84,0
DA:85,0
DA:86,0
DA:88,0
DA:93,0
DA:95,0
DA:99,0
DA:100,0
DA:103,0
DA:104,0
DA:107,0
DA:108,0
DA:110,0
DA:111,0
DA:112,0
DA:113,0
DA:114,0
DA:115,0
DA:116,0
DA:119,0
DA:120,0
DA:121,0
DA:123,0
DA:124,0
DA:125,0
DA:126,0
DA:127,0
DA:130,0
DA:131,0
DA:134,0
DA:137,0
DA:140,0
DA:143,0
DA:144,0
DA:145,0
DA:146,0
DA:147,0
DA:154,0
DA:155,0
DA:157,0
DA:158,0
DA:159,0
DA:160,0
DA:161,0
DA:162,0
DA:168,0
DA:169,0
DA:172,0
DA:173,0
DA:174,0
DA:175,0
DA:176,0
DA:183,0
DA:184,0
DA:185,0
DA:186,0
DA:192,0
DA:193,0
DA:195,0
DA:196,0
DA:197,0
DA:198,0
DA:199,0
DA:207,0
DA:215,0
DA:217,0
DA:220,0
DA:221,0
DA:224,0
DA:225,0
DA:226,0
DA:231,0
DA:232,0
DA:233,0
DA:236,0
DA:237,0
DA:239,0
DA:240,0
DA:241,0
DA:246,0
DA:247,0
DA:250,0
LF:112
LH:0
BRDA:51,0,0,0
BRDA:58,1,0,0
BRDA:60,2,0,0
BRDA:62,3,0,0
BRDA:62,3,1,0
BRDA:62,4,0,0
BRDA:62,4,1,0
BRDA:66,5,0,0
BRDA:71,6,0,0
BRDA:78,7,0,0
BRDA:80,8,0,0
BRDA:83,9,0,0
BRDA:83,10,0,0
BRDA:83,10,1,0
BRDA:84,11,0,0
BRDA:85,12,0,0
BRDA:85,13,0,0
BRDA:85,13,1,0
BRDA:85,13,2,0
BRDA:95,14,0,0
BRDA:95,14,1,0
BRDA:95,14,2,0
BRDA:99,15,0,0
BRDA:103,16,0,0
BRDA:103,17,0,0
BRDA:103,17,1,0
BRDA:119,18,0,0
BRDA:119,19,0,0
BRDA:119,19,1,0
BRDA:120,20,0,0
BRDA:130,21,0,0
BRDA:130,22,0,0
BRDA:130,22,1,0
BRDA:155,23,0,0
BRDA:155,23,1,0
BRDA:157,24,0,0
BRDA:183,25,0,0
BRDA:183,26,0,0
BRDA:183,26,1,0
BRDA:196,27,0,0
BRDA:196,27,1,0
BRDA:225,28,0,0
BRF:42
BRH:0
end_of_record
TN:
SF:src/lib/zodiac-utils.ts
FN:89,normalizeSign
FN:105,(anonymous_8)
FN:122,getElement
FN:132,getModality
FN:141,calculateElementBalance
FN:149,(anonymous_12)
FN:158,(anonymous_13)
FN:168,calculateModalityBalance
FN:175,(anonymous_15)
FN:184,(anonymous_16)
FNF:10
FNH:0
FNDA:0,normalizeSign
FNDA:0,(anonymous_8)
FNDA:0,getElement
FNDA:0,getModality
FNDA:0,calculateElementBalance
FNDA:0,(anonymous_12)
FNDA:0,(anonymous_13)
FNDA:0,calculateModalityBalance
FNDA:0,(anonymous_15)
FNDA:0,(anonymous_16)
DA:12,0
DA:40,0
DA:56,0
DA:72,0
DA:79,0
DA:90,0
DA:92,0
DA:95,0
DA:96,0
DA:100,0
DA:101,0
DA:105,0
DA:106,0
DA:111,0
DA:112,0
DA:115,0
DA:122,0
DA:123,0
DA:124,0
DA:125,0
DA:132,0
DA:133,0
DA:134,0
DA:135,0
DA:141,0
DA:142,0
DA:149,0
DA:150,0
DA:151,0
DA:152,0
DA:157,0
DA:158,0
DA:159,0
DA:162,0
DA:168,0
DA:169,0
DA:175,0
DA:176,0
DA:177,0
DA:178,0
DA:183,0
DA:184,0
DA:185,0
DA:188,0
LF:44
LH:0
BRDA:90,0,0,0
BRDA:95,1,0,0
BRDA:100,2,0,0
BRDA:106,3,0,0
BRDA:106,3,1,0
BRDA:106,3,2,0
BRDA:111,4,0,0
BRDA:124,5,0,0
BRDA:125,6,0,0
BRDA:125,6,1,0
BRDA:134,7,0,0
BRDA:135,8,0,0
BRDA:135,8,1,0
BRDA:151,9,0,0
BRDA:157,10,0,0
BRDA:157,10,1,0
BRDA:177,11,0,0
BRDA:183,12,0,0
BRDA:183,12,1,0
BRF:19
BRH:0
end_of_record
TN:
SF:src/lib/zodiacKnowledge.ts
FN:119,getZodiacEntry
FN:120,(anonymous_36)
FN:138,getSunInSignEntry
FN:139,(anonymous_38)
FN:142,getMoonInSignEntry
FN:143,(anonymous_40)
FN:146,getMarsInSignEntry
FN:147,(anonymous_42)
FN:150,getJupiterInSignEntry
FN:151,(anonymous_44)
FN:154,getMercuryInSignEntry
FN:155,(anonymous_46)
FN:158,getNeptuneInSignEntry
FN:159,(anonymous_48)
FN:162,getPlutoInSignEntry
FN:163,(anonymous_50)
FN:166,getVenusInSignEntry
FN:167,(anonymous_52)
FN:170,getRisingSignEntry
FN:171,(anonymous_54)
FN:174,getSaturnInSignEntry
FN:175,(anonymous_56)
FN:178,getUranusInSignEntry
FN:179,(anonymous_58)
FN:182,normalizeSignId
FN:222,resolveZodiacSignId
FN:229,(anonymous_61)
FN:247,eclipticLongitudeFromSignAndDegree
FN:261,getProfileScenarioEntry
FN:262,(anonymous_64)
FN:265,getLifePathEntry
FN:267,(anonymous_66)
FN:270,getNameNumberEntry
FN:272,(anonymous_68)
FNF:34
FNH:0
FNDA:0,getZodiacEntry
FNDA:0,(anonymous_36)
FNDA:0,getSunInSignEntry
FNDA:0,(anonymous_38)
FNDA:0,getMoonInSignEntry
FNDA:0,(anonymous_40)
FNDA:0,getMarsInSignEntry
FNDA:0,(anonymous_42)
FNDA:0,getJupiterInSignEntry
FNDA:0,(anonymous_44)
FNDA:0,getMercuryInSignEntry
FNDA:0,(anonymous_46)
FNDA:0,getNeptuneInSignEntry
FNDA:0,(anonymous_48)
FNDA:0,getPlutoInSignEntry
FNDA:0,(anonymous_50)
FNDA:0,getVenusInSignEntry
FNDA:0,(anonymous_52)
FNDA:0,getRisingSignEntry
FNDA:0,(anonymous_54)
FNDA:0,getSaturnInSignEntry
FNDA:0,(anonymous_56)
FNDA:0,getUranusInSignEntry
FNDA:0,(anonymous_58)
FNDA:0,normalizeSignId
FNDA:0,resolveZodiacSignId
FNDA:0,(anonymous_61)
FNDA:0,eclipticLongitudeFromSignAndDegree
FNDA:0,getProfileScenarioEntry
FNDA:0,(anonymous_64)
FNDA:0,getLifePathEntry
FNDA:0,(anonymous_66)
FNDA:0,getNameNumberEntry
FNDA:0,(anonymous_68)
DA:1,0
DA:2,0
DA:3,0
DA:4,0
DA:5,0
DA:6,0
DA:7,0
DA:8,0
DA:9,0
DA:10,0
DA:11,0
DA:12,0
DA:13,0
DA:14,0
DA:15,0
DA:16,0
DA:17,0
DA:18,0
DA:19,0
DA:20,0
DA:21,0
DA:22,0
DA:23,0
DA:24,0
DA:25,0
DA:26,0
DA:104,0
DA:119,0
DA:120,0
DA:123,0
DA:124,0
DA:125,0
DA:126,0
DA:127,0
DA:128,0
DA:129,0
DA:130,0
DA:131,0
DA:132,0
DA:133,0
DA:134,0
DA:135,0
DA:136,0
DA:138,0
DA:139,0
DA:142,0
DA:143,0
DA:146,0
DA:147,0
DA:150,0
DA:151,0
DA:154,0
DA:155,0
DA:158,0
DA:159,0
DA:162,0
DA:163,0
DA:166,0
DA:167,0
DA:170,0
DA:171,0
DA:174,0
DA:175,0
DA:178,0
DA:179,0
DA:182,0
DA:183,0
DA:187,0
DA:203,0
DA:222,0
DA:226,0
DA:227,0
DA:228,0
DA:229,0
DA:230,0
DA:232,0
DA:233,0
DA:235,0
DA:236,0
DA:237,0
DA:238,0
DA:240,0
DA:247,0
DA:251,0
DA:252,0
DA:253,0
DA:254,0
DA:255,0
DA:256,0
DA:257,0
DA:258,0
DA:261,0
DA:262,0
DA:265,0
DA:266,0
DA:267,0
DA:270,0
DA:271,0
DA:272,0
LF:99
LH:0
BRDA:183,0,0,0
BRDA:183,0,1,0
BRDA:226,1,0,0
BRDA:226,1,1,0
BRDA:227,2,0,0
BRDA:229,3,0,0
BRDA:233,4,0,0
BRDA:235,5,0,0
BRDA:235,6,0,0
BRDA:235,6,1,0
BRDA:251,7,0,0
BRDA:251,8,0,0
BRDA:251,8,1,0
BRDA:252,9,0,0
BRDA:252,10,0,0
BRDA:252,10,1,0
BRDA:254,11,0,0
BRDA:256,12,0,0
BRDA:266,13,0,0
BRDA:271,14,0,0
BRF:20
BRH:0
end_of_record
